2009-08-15 16:00:22 Debug: Notice (1024): Please change the value of 'Security.salt' in app/config/core.php to a salt value specific to your application in [CORE\cake\libs\debugger.php, line 556]
2009-08-15 16:33:13 Notice: Notice (1024): Please change the value of 'Security.salt' in app/config/core.php to a salt value specific to your application in [CORE/cake/libs/debugger.php, line 556]
2009-08-15 16:34:29 Notice: Notice (1024): Please change the value of 'Security.salt' in app/config/core.php to a salt value specific to your application in [CORE/cake/libs/debugger.php, line 556]
2009-08-15 16:35:40 Notice: Notice (1024): Please change the value of 'Security.salt' in app/config/core.php to a salt value specific to your application in [CORE/cake/libs/debugger.php, line 556]
2009-08-15 16:36:46 Notice: Notice (1024): Please change the value of 'Security.salt' in app/config/core.php to a salt value specific to your application in [CORE/cake/libs/debugger.php, line 556]
2009-08-15 16:37:26 Notice: Notice (1024): Please change the value of 'Security.salt' in app/config/core.php to a salt value specific to your application in [CORE/cake/libs/debugger.php, line 556]
2009-08-16 02:46:17 Notice: Notice (8): Undefined property:  GroupsController::$Auth in [APP/controllers/groups_controller.php, line 10]
2009-08-16 02:46:50 Notice: Notice (8): Undefined property:  GroupsController::$Auth in [APP/controllers/groups_controller.php, line 10]
2009-08-16 03:00:18 Notice: Notice (8): Undefined property:  User::$Group in [APP/controllers/users_controller.php, line 135]
2009-08-16 03:02:33 Notice: Notice (8): Undefined property:  User::$Group in [APP/controllers/users_controller.php, line 136]
2009-08-16 03:02:47 Notice: Notice (8): Undefined property:  User::$Group in [APP/controllers/users_controller.php, line 136]
2009-09-24 21:14:36 Notice: Notice (8): Undefined property:  User::$Position in [APP/controllers/users_controller.php, line 33]
2009-09-24 22:08:23 Notice: Notice (8): Undefined property:  User::$Position in [APP/controllers/users_controller.php, line 33]
2009-09-24 22:14:54 Notice: Notice (8): Undefined property:  User::$Position in [APP/controllers/users_controller.php, line 33]
2009-09-24 22:15:04 Notice: Notice (8): Undefined property:  User::$Position in [APP/controllers/users_controller.php, line 33]
2009-09-24 22:16:32 Notice: Notice (8): Undefined property:  User::$Position in [APP/controllers/users_controller.php, line 33]
2009-09-24 22:16:44 Notice: Notice (8): Undefined property:  User::$Position in [APP/controllers/users_controller.php, line 33]
2009-09-24 22:18:28 Notice: Notice (8): Undefined property:  User::$Position in [APP/controllers/users_controller.php, line 33]
2009-09-24 22:20:25 Notice: Notice (8): Undefined property:  User::$Position in [APP/controllers/users_controller.php, line 33]
2009-09-24 23:53:29 Notice: Notice (8): Undefined variable: switches in [APP/views/positions/index.ctp, line 40]
2009-09-24 23:54:31 Notice: Notice (8): Undefined variable: switches in [APP/views/positions/index.ctp, line 40]
2009-09-24 23:54:36 Notice: Notice (8): Undefined variable: switches in [APP/views/positions/index.ctp, line 40]
2009-09-24 23:54:46 Notice: Notice (8): Undefined variable: switches in [APP/views/positions/index.ctp, line 40]
2009-09-24 23:56:37 Notice: Notice (8): Undefined variable: switches in [APP/views/positions/index.ctp, line 40]
2009-12-02 23:29:37 Notice: Notice (8): Undefined index:  name in [APP/views/sections/index.ctp, line 27]
2009-12-02 23:29:37 Notice: Notice (8): Undefined index:  position in [APP/views/sections/index.ctp, line 30]
2009-12-02 23:29:37 Notice: Notice (8): Undefined index:  name in [APP/views/sections/index.ctp, line 38]
2009-12-02 23:30:20 Notice: Notice (8): Undefined index:  name in [APP/views/sections/index.ctp, line 27]
2009-12-02 23:30:20 Notice: Notice (8): Undefined index:  position in [APP/views/sections/index.ctp, line 30]
2009-12-02 23:30:20 Notice: Notice (8): Undefined index:  name in [APP/views/sections/index.ctp, line 38]
2009-12-02 23:31:04 Notice: Notice (8): Undefined index:  name in [APP/views/sections/index.ctp, line 26]
2009-12-02 23:31:04 Notice: Notice (8): Undefined index:  name in [APP/views/sections/index.ctp, line 34]
2009-12-02 23:31:18 Notice: Notice (8): Undefined index:  name in [APP/views/sections/index.ctp, line 26]
2009-12-02 23:31:18 Notice: Notice (8): Undefined index:  name in [APP/views/sections/index.ctp, line 34]
2009-12-02 23:32:23 Notice: Notice (8): Undefined index:  name in [APP/views/sections/index.ctp, line 34]
2009-12-02 23:38:41 Notice: Notice (8): Undefined index:  name in [APP/views/users/view.ctp, line 61]
2009-12-02 23:39:52 Notice: Notice (8): Undefined index:  name in [APP/views/users/view.ctp, line 61]
2009-12-02 23:46:11 Notice: Notice (8): Undefined index:  name in [APP/views/users/view.ctp, line 61]
2009-12-02 23:49:31 Notice: Notice (8): Undefined index:  name in [APP/views/users/view.ctp, line 61]
2009-12-03 00:32:43 Notice: Notice (8): Undefined variable: pageTile in [APP/views/layouts/ncaie.ctp, line 5]
2009-12-03 00:32:43 Notice: Notice (8): Undefined variable: pageTile in [APP/views/layouts/ncaie.ctp, line 5]
2009-12-03 00:32:44 Notice: Notice (8): Undefined variable: pageTile in [APP/views/layouts/ncaie.ctp, line 5]
2009-12-03 00:32:44 Notice: Notice (8): Undefined variable: pageTile in [APP/views/layouts/ncaie.ctp, line 5]
2009-12-03 00:33:14 Notice: Notice (8): Undefined variable: pageTitle in [APP/views/layouts/ncaie.ctp, line 5]
2009-12-03 00:33:15 Notice: Notice (8): Undefined variable: pageTitle in [APP/views/layouts/ncaie.ctp, line 5]
2009-12-03 00:33:15 Notice: Notice (8): Undefined variable: pageTitle in [APP/views/layouts/ncaie.ctp, line 5]
2009-12-03 00:33:21 Notice: Notice (8): Undefined variable: pageTitle in [APP/views/layouts/ncaie.ctp, line 5]
2009-12-03 00:33:22 Notice: Notice (8): Undefined variable: pageTitle in [APP/views/layouts/ncaie.ctp, line 5]
2009-12-03 00:33:22 Notice: Notice (8): Undefined variable: pageTitle in [APP/views/layouts/ncaie.ctp, line 5]
2009-12-03 00:35:10 Notice: Notice (8): Undefined variable: pageTitle in [APP/views/layouts/ncaie.ctp, line 5]
2009-12-03 00:35:11 Notice: Notice (8): Undefined variable: pageTitle in [APP/views/layouts/ncaie.ctp, line 5]
2009-12-03 00:35:23 Notice: Notice (8): Undefined variable: pageTitle in [APP/views/layouts/ncaie.ctp, line 5]
2009-12-03 00:35:24 Notice: Notice (8): Undefined variable: pageTitle in [APP/views/layouts/ncaie.ctp, line 5]
2009-12-03 00:35:24 Notice: Notice (8): Undefined variable: pageTitle in [APP/views/layouts/ncaie.ctp, line 5]
2009-12-03 00:35:26 Notice: Notice (8): Undefined variable: pageTitle in [APP/views/layouts/ncaie.ctp, line 5]
2009-12-03 23:00:12 Notice: Notice (8): Undefined index:  name in [APP/views/sections/view.ctp, line 6]
2009-12-03 23:00:12 Notice: Notice (8): Undefined index:  position in [APP/views/sections/view.ctp, line 11]
2009-12-03 23:00:13 Notice: Notice (8): Undefined index:  name in [APP/views/sections/view.ctp, line 24]
2009-12-03 23:00:13 Notice: Notice (8): Undefined index:  name in [APP/views/sections/view.ctp, line 6]
2009-12-03 23:00:13 Notice: Notice (8): Undefined index:  position in [APP/views/sections/view.ctp, line 11]
2009-12-03 23:00:13 Notice: Notice (8): Undefined index:  name in [APP/views/sections/view.ctp, line 24]
2009-12-03 23:02:07 Notice: Notice (8): Undefined variable: area in [APP/views/sections/view.ctp, line 11]
2009-12-03 23:02:07 Notice: Notice (8): Undefined index:  name in [APP/views/sections/view.ctp, line 19]
2009-12-03 23:03:03 Notice: Notice (8): Undefined variable: area in [APP/views/sections/view.ctp, line 11]
2009-12-03 23:03:03 Notice: Notice (8): Undefined index:  name in [APP/views/sections/view.ctp, line 19]
2009-12-03 23:03:18 Notice: Notice (8): Undefined variable: area in [APP/views/sections/view.ctp, line 11]
2009-12-03 23:03:18 Notice: Notice (8): Undefined index:  name in [APP/views/sections/view.ctp, line 19]
2009-12-03 23:03:48 Notice: Notice (8): Undefined index:  name in [APP/views/sections/view.ctp, line 19]
2009-12-04 00:18:37 Notice: Notice (8): Undefined index:  Section in [APP/views/users/admin_index.ctp, line 87]
2009-12-04 01:55:02 Notice: Notice (8): Undefined index:  Area in [APP/views/areas_users/index.ctp, line 29]
2009-12-04 01:55:02 Notice: Notice (8): Undefined index:  User in [APP/views/areas_users/index.ctp, line 32]
2009-12-04 01:56:17 Notice: Notice (8): Undefined index:  Area in [APP/views/areas_users/index.ctp, line 29]
2009-12-04 01:56:17 Notice: Notice (8): Undefined index:  User in [APP/views/areas_users/index.ctp, line 32]
2009-12-04 01:58:42 Notice: Notice (8): Undefined index:  Area in [APP/views/areas_users/index.ctp, line 29]
2009-12-04 01:58:42 Notice: Notice (8): Undefined index:  User in [APP/views/areas_users/index.ctp, line 32]
2009-12-04 02:00:15 Notice: Notice (8): Undefined index:  Area in [APP/views/areas_users/index.ctp, line 29]
2009-12-04 02:00:15 Notice: Notice (8): Undefined index:  User in [APP/views/areas_users/index.ctp, line 32]
2009-12-04 02:01:13 Notice: Notice (8): Undefined index:  Area in [APP/views/areas_users/index.ctp, line 29]
2009-12-04 02:01:13 Notice: Notice (8): Undefined index:  User in [APP/views/areas_users/index.ctp, line 32]
2009-12-06 23:01:39 Notice: Notice (8): Undefined index:  Area in [APP/views/areas_users/index.ctp, line 29]
2009-12-06 23:01:39 Notice: Notice (8): Undefined index:  User in [APP/views/areas_users/index.ctp, line 32]
2009-12-06 23:04:59 Notice: Notice (8): Undefined index:  Area in [APP/views/areas_users/index.ctp, line 29]
2009-12-06 23:04:59 Notice: Notice (8): Undefined index:  User in [APP/views/areas_users/index.ctp, line 32]
2009-12-07 21:12:08 Notice: Notice (8): Undefined index:  Area in [APP/views/areas_users/index.ctp, line 29]
2009-12-07 21:12:08 Notice: Notice (8): Undefined index:  User in [APP/views/areas_users/index.ctp, line 32]
2009-12-07 21:13:14 Notice: Notice (8): Undefined index:  AreasUsers in [APP/views/areas_users/index.ctp, line 26]
2009-12-07 21:13:14 Notice: Notice (8): Undefined index:  Area in [APP/views/areas_users/index.ctp, line 29]
2009-12-07 21:13:14 Notice: Notice (8): Undefined index:  User in [APP/views/areas_users/index.ctp, line 32]
2009-12-07 21:14:19 Notice: Notice (8): Undefined index:  AreasUsers in [APP/views/areas_users/index.ctp, line 26]
2009-12-07 21:14:19 Notice: Notice (8): Undefined index:  Area in [APP/views/areas_users/index.ctp, line 29]
2009-12-07 21:14:19 Notice: Notice (8): Undefined index:  User in [APP/views/areas_users/index.ctp, line 32]
2009-12-07 21:14:31 Notice: Notice (8): Undefined index:  AreasUsers in [APP/views/areas_users/index.ctp, line 26]
2009-12-07 21:14:31 Notice: Notice (8): Undefined index:  Area in [APP/views/areas_users/index.ctp, line 29]
2009-12-07 21:14:31 Notice: Notice (8): Undefined index:  User in [APP/views/areas_users/index.ctp, line 32]
2009-12-07 21:23:44 Notice: Notice (8): Undefined index:  AreasUsers in [APP/views/areas_users/index.ctp, line 26]
2009-12-07 21:23:44 Notice: Notice (8): Undefined index:  Area in [APP/views/areas_users/index.ctp, line 29]
2009-12-07 21:23:44 Notice: Notice (8): Undefined index:  User in [APP/views/areas_users/index.ctp, line 32]
2009-12-07 21:23:44 Notice: Notice (8): Undefined index:  id in [APP/views/areas_users/index.ctp, line 35]
2009-12-07 21:23:44 Notice: Notice (8): Undefined index:  id in [APP/views/areas_users/index.ctp, line 36]
2009-12-07 21:23:44 Notice: Notice (8): Undefined index:  id in [APP/views/areas_users/index.ctp, line 37]
2009-12-07 21:23:52 Notice: Notice (8): Undefined index:  AreasUsers in [APP/views/areas_users/index.ctp, line 26]
2009-12-07 21:23:52 Notice: Notice (8): Undefined index:  Area in [APP/views/areas_users/index.ctp, line 29]
2009-12-07 21:23:52 Notice: Notice (8): Undefined index:  User in [APP/views/areas_users/index.ctp, line 32]
2009-12-07 21:23:52 Notice: Notice (8): Undefined index:  id in [APP/views/areas_users/index.ctp, line 35]
2009-12-07 21:23:52 Notice: Notice (8): Undefined index:  id in [APP/views/areas_users/index.ctp, line 36]
2009-12-07 21:23:52 Notice: Notice (8): Undefined index:  id in [APP/views/areas_users/index.ctp, line 37]
2009-12-07 21:30:28 Notice: Notice (8): Undefined index:  AreasUsers in [APP/views/areas_users/index.ctp, line 26]
2009-12-07 21:30:28 Notice: Notice (8): Undefined index:  Area in [APP/views/areas_users/index.ctp, line 29]
2009-12-07 21:30:28 Notice: Notice (8): Undefined index:  User in [APP/views/areas_users/index.ctp, line 32]
2009-12-07 21:30:28 Notice: Notice (8): Undefined index:  id in [APP/views/areas_users/index.ctp, line 35]
2009-12-07 21:30:28 Notice: Notice (8): Undefined index:  id in [APP/views/areas_users/index.ctp, line 36]
2009-12-07 21:30:28 Notice: Notice (8): Undefined index:  id in [APP/views/areas_users/index.ctp, line 37]
2009-12-07 21:33:34 Notice: Notice (8): Undefined index:  Area in [APP/views/areas_users/index.ctp, line 29]
2009-12-07 21:33:34 Notice: Notice (8): Undefined index:  User in [APP/views/areas_users/index.ctp, line 32]
2009-12-07 21:33:34 Notice: Notice (8): Undefined index:  id in [APP/views/areas_users/index.ctp, line 35]
2009-12-07 21:33:34 Notice: Notice (8): Undefined index:  id in [APP/views/areas_users/index.ctp, line 36]
2009-12-07 21:33:34 Notice: Notice (8): Undefined index:  id in [APP/views/areas_users/index.ctp, line 37]
2009-12-07 21:35:11 Notice: Notice (8): Undefined index:  Area in [APP/views/areas_users/index.ctp, line 29]
2009-12-07 21:35:11 Notice: Notice (8): Undefined index:  User in [APP/views/areas_users/index.ctp, line 32]
2009-12-07 21:35:12 Notice: Notice (8): Undefined index:  id in [APP/views/areas_users/index.ctp, line 35]
2009-12-07 21:35:12 Notice: Notice (8): Undefined index:  id in [APP/views/areas_users/index.ctp, line 36]
2009-12-07 21:35:12 Notice: Notice (8): Undefined index:  id in [APP/views/areas_users/index.ctp, line 37]
2009-12-07 21:37:25 Notice: Notice (8): Undefined index:  id in [APP/views/areas_users/index.ctp, line 26]
2009-12-07 21:37:25 Notice: Notice (8): Undefined index:  Area in [APP/views/areas_users/index.ctp, line 29]
2009-12-07 21:37:25 Notice: Notice (8): Undefined index:  User in [APP/views/areas_users/index.ctp, line 32]
2009-12-07 21:37:25 Notice: Notice (8): Undefined index:  id in [APP/views/areas_users/index.ctp, line 35]
2009-12-07 21:37:25 Notice: Notice (8): Undefined index:  id in [APP/views/areas_users/index.ctp, line 36]
2009-12-07 21:37:25 Notice: Notice (8): Undefined index:  id in [APP/views/areas_users/index.ctp, line 37]
2009-12-07 21:39:54 Notice: Notice (8): Undefined index:  Area in [APP/views/areas_users/index.ctp, line 25]
2009-12-07 21:39:54 Notice: Notice (8): Undefined index:  User in [APP/views/areas_users/index.ctp, line 28]
2009-12-07 21:56:32 Notice: Notice (8): Undefined index:  Area in [APP/views/areas_users/index.ctp, line 25]
2009-12-07 21:56:32 Notice: Notice (8): Undefined index:  User in [APP/views/areas_users/index.ctp, line 28]
2009-12-07 21:57:35 Notice: Notice (8): Undefined index:  Area in [APP/views/areas_users/index.ctp, line 25]
2009-12-07 21:57:35 Notice: Notice (8): Undefined index:  User in [APP/views/areas_users/index.ctp, line 28]
2009-12-07 21:59:07 Notice: Notice (8): Undefined index:  Area in [APP/views/areas_users/index.ctp, line 25]
2009-12-07 21:59:07 Notice: Notice (8): Undefined variable: areasUser in [APP/views/areas_users/index.ctp, line 25]
2009-12-07 21:59:07 Notice: Notice (8): Undefined index:  User in [APP/views/areas_users/index.ctp, line 28]
2009-12-07 21:59:07 Notice: Notice (8): Undefined variable: areasUser in [APP/views/areas_users/index.ctp, line 28]
2009-12-07 22:27:20 Notice: Notice (8): Undefined index:  Area in [APP/views/areas_users/index.ctp, line 25]
2009-12-07 22:27:20 Notice: Notice (8): Undefined variable: areasUser in [APP/views/areas_users/index.ctp, line 25]
2009-12-07 22:27:20 Notice: Notice (8): Undefined index:  User in [APP/views/areas_users/index.ctp, line 28]
2009-12-07 22:27:20 Notice: Notice (8): Undefined variable: areasUser in [APP/views/areas_users/index.ctp, line 28]
2009-12-07 22:27:20 Notice: Notice (8): Uninitialized string offset:  0 in [APP/views/expertises/view.ctp, line 36]
2009-12-07 22:29:07 Notice: Notice (8): Uninitialized string offset:  0 in [APP/views/expertises/view.ctp, line 36]
2009-12-07 22:30:23 Notice: Notice (8): Uninitialized string offset:  0 in [APP/views/expertises/view.ctp, line 36]
2009-12-07 22:49:10 Notice: Notice (8): Undefined variable: data in [APP/controllers/expertises_controller.php, line 19]
2009-12-07 22:49:11 Notice: Notice (8): Undefined variable: data in [APP/controllers/expertises_controller.php, line 19]
2009-12-08 20:48:08 Notice: Notice (8): Undefined variable: lastTFM_nest in [APP/views/expertises/index.ctp, line 27]
2009-12-08 21:18:02 Notice: Notice (8): Undefined variable: ncaie in [APP/views/ncaies/index.ctp, line 18]
2009-12-08 21:19:30 Notice: Notice (8): Undefined index:  Ncaies in [APP/views/ncaies/index.ctp, line 26]
2009-12-08 21:19:30 Notice: Notice (8): Undefined index:  Ncaies in [APP/views/ncaies/index.ctp, line 35]
2009-12-08 21:19:30 Notice: Notice (8): Undefined index:  Ncaies in [APP/views/ncaies/index.ctp, line 36]
2009-12-08 21:19:30 Notice: Notice (8): Undefined index:  Ncaies in [APP/views/ncaies/index.ctp, line 37]
2009-12-08 21:20:42 Notice: Notice (8): Undefined index:  Ncaies in [APP/views/ncaies/index.ctp, line 26]
2009-12-08 21:20:42 Notice: Notice (8): Undefined index:  Ncaies in [APP/views/ncaies/index.ctp, line 35]
2009-12-08 21:20:42 Notice: Notice (8): Undefined index:  Ncaies in [APP/views/ncaies/index.ctp, line 36]
2009-12-08 21:20:42 Notice: Notice (8): Undefined index:  Ncaies in [APP/views/ncaies/index.ctp, line 37]
2009-12-10 00:43:14 Notice: Notice (8): Undefined variable: users in [APP/views/users/index.ctp, line 26]
2009-12-10 00:43:53 Notice: Notice (8): Undefined property:  ProfilesController::$Profile in [APP/controllers/profiles_controller.php, line 43]
2009-12-10 00:43:53 Notice: Notice (8): Trying to get property of non-object in [APP/controllers/profiles_controller.php, line 43]
2009-12-10 00:45:13 Notice: Notice (8): Undefined property:  ProfilesController::$Profile in [APP/controllers/profiles_controller.php, line 43]
2009-12-10 00:45:13 Notice: Notice (8): Trying to get property of non-object in [APP/controllers/profiles_controller.php, line 43]
2009-12-12 22:51:08 Notice: Notice (8): Undefined variable: users in [APP/views/users/index.ctp, line 26]
2009-12-12 23:27:48 Notice: Notice (8): Undefined index:  title in [APP/views/profiles/index.ctp, line 40]
2009-12-12 23:29:37 Notice: Notice (8): Undefined index:  title in [APP/views/profiles/view.ctp, line 11]
2009-12-12 23:30:48 Notice: Notice (8): Undefined index:  title in [APP/views/profiles/view.ctp, line 11]
2009-12-12 23:51:27 Notice: Notice (8): Undefined index:  section_ids in [APP/views/profiles/index.ctp, line 67]
2009-12-12 23:53:02 Notice: Notice (8): Undefined index:  section_ids in [APP/views/profiles/index.ctp, line 67]
2009-12-12 23:57:26 Notice: Notice (8): Undefined index:  position in [APP/views/profiles/index.ctp, line 40]
2009-12-12 23:58:52 Notice: Notice (8): Undefined index:  position in [APP/views/profiles/index.ctp, line 37]
2009-12-12 23:59:18 Notice: Notice (8): Undefined index:  section_ids in [APP/views/profiles/view.ctp, line 56]
2009-12-13 00:01:43 Notice: Notice (8): Undefined index:  section_ids in [APP/views/profiles/view.ctp, line 56]
2009-12-13 00:05:54 Notice: Notice (8): Undefined index:  last_name in [APP/controllers/profiles_controller.php, line 57]
2009-12-13 00:05:54 Notice: Notice (8): Undefined index:  first_name in [APP/controllers/profiles_controller.php, line 57]
2009-12-13 00:21:54 Notice: Notice (8): Undefined index:  title in [APP/views/expertises/view.ctp, line 16]
2009-12-13 00:25:59 Notice: Notice (8): Undefined index:  Profile in [APP/views/expertises/search.ctp, line 31]
2009-12-13 00:28:24 Notice: Notice (8): Undefined index:  User in [APP/views/expertises/index.ctp, line 39]
2009-12-13 00:28:31 Notice: Notice (8): Undefined index:  User in [APP/views/expertises/index.ctp, line 39]
2009-12-13 00:31:02 Notice: Notice (8): Undefined index:  User in [APP/views/expertises/index.ctp, line 39]
2009-12-13 00:35:30 Notice: Notice (8): Undefined index:  User in [APP/views/expertises/index.ctp, line 39]
2009-12-13 00:36:53 Notice: Notice (8): Undefined index:  name in [APP/views/expertises/index.ctp, line 39]
2009-12-13 00:37:39 Notice: Notice (8): Undefined index:  users.name in [APP/views/expertises/index.ctp, line 39]
2009-12-13 00:38:14 Notice: Notice (8): Undefined index:  user.name in [APP/views/expertises/index.ctp, line 39]
2009-12-13 00:39:27 Notice: Notice (8): Undefined index:  User in [APP/views/expertises/index.ctp, line 39]
2009-12-13 00:41:39 Notice: Notice (8): Undefined index:  name in [APP/views/expertises/index.ctp, line 39]
2009-12-13 00:42:20 Notice: Notice (8): Undefined index:  User.name in [APP/views/expertises/index.ctp, line 39]
2009-12-13 00:53:11 Notice: Notice (8): Undefined index:  User.name in [APP/views/expertises/index.ctp, line 39]
2009-12-13 00:58:39 Notice: Notice (8): Undefined index:  User.name in [APP/views/expertises/index.ctp, line 39]
2009-12-13 01:00:46 Notice: Notice (8): Undefined index:  users.name in [APP/views/expertises/index.ctp, line 39]
2009-12-13 01:01:31 Notice: Notice (8): Undefined index:  User in [APP/views/expertises/index.ctp, line 39]
2009-12-13 01:02:31 Notice: Notice (8): Undefined index:  User in [APP/views/expertises/index.ctp, line 39]
2009-12-13 01:10:16 Notice: Notice (8): Undefined index:  User in [APP/views/expertises/view.ctp, line 11]
2009-12-13 01:10:36 Notice: Notice (8): Undefined index:  User in [APP/views/expertises/search.ctp, line 31]
2009-12-13 01:15:49 Notice: Notice (8): Undefined index:  User in [APP/views/expertises/view.ctp, line 11]
2009-12-13 01:18:02 Notice: Notice (8): Undefined index:  Area in [APP/views/expertises/search.ctp, line 2]
2009-12-13 01:20:48 Notice: Notice (8): Undefined index:  Area.title in [APP/views/expertises/search.ctp, line 2]
2009-12-13 01:21:30 Notice: Notice (8): Undefined index:  Area.title in [APP/views/expertises/search.ctp, line 2]
2009-12-13 20:50:54 Notice: Notice (8): Undefined property:  User::$Area in [APP/controllers/users_controller.php, line 62]
2009-12-13 21:16:44 Notice: Notice (8): Undefined index:  title in [APP/views/ncaies/index.ctp, line 32]
2009-12-13 22:45:26 Notice: Notice (8): Undefined variable: id in [APP/controllers/users_controller.php, line 33]
2009-12-13 22:46:11 Notice: Notice (8): Undefined variable: session in [APP/controllers/users_controller.php, line 34]
2009-12-13 22:46:36 Notice: Notice (8): Undefined variable: session in [APP/controllers/users_controller.php, line 34]
2009-12-13 22:48:37 Notice: Notice (8): Undefined variable: session in [APP/controllers/users_controller.php, line 34]
2009-12-13 22:49:53 Notice: Notice (8): Undefined variable: session in [APP/controllers/users_controller.php, line 34]
2009-12-13 22:50:19 Notice: Notice (8): Undefined variable: session in [APP/controllers/users_controller.php, line 34]
2009-12-13 22:53:48 Notice: Notice (8): Undefined variable: session in [APP/controllers/users_controller.php, line 34]
2009-12-13 22:55:41 Notice: Notice (8): Undefined variable: session in [APP/controllers/users_controller.php, line 34]
2009-12-13 22:57:36 Notice: Notice (8): Undefined index:  User in [APP/views/users/account.ctp, line 6]
2009-12-13 22:57:36 Notice: Notice (8): Undefined index:  User in [APP/views/users/account.ctp, line 11]
2009-12-13 22:57:36 Notice: Notice (8): Undefined index:  User in [APP/views/users/account.ctp, line 16]
2009-12-13 22:57:36 Notice: Notice (8): Undefined index:  User in [APP/views/users/account.ctp, line 21]
2009-12-13 22:57:36 Notice: Notice (8): Undefined index:  User in [APP/views/users/account.ctp, line 26]
2009-12-13 22:57:36 Notice: Notice (8): Undefined index:  User in [APP/views/users/account.ctp, line 31]
2009-12-13 22:57:36 Notice: Notice (8): Undefined index:  User in [APP/views/users/account.ctp, line 36]
2009-12-13 22:57:36 Notice: Notice (8): Undefined index:  User in [APP/views/users/account.ctp, line 41]
2009-12-13 22:57:36 Notice: Notice (8): Undefined index:  User in [APP/views/users/account.ctp, line 46]
2009-12-13 22:57:36 Notice: Notice (8): Undefined index:  User in [APP/views/users/account.ctp, line 51]
2009-12-13 22:57:36 Notice: Notice (8): Undefined index:  User in [APP/views/users/account.ctp, line 56]
2009-12-13 22:57:36 Notice: Notice (8): Undefined index:  User in [APP/views/users/account.ctp, line 63]
2009-12-13 22:57:36 Notice: Notice (8): Undefined index:  User in [APP/views/users/account.ctp, line 64]
2009-12-13 22:57:36 Notice: Notice (8): Undefined index:  Profile in [APP/views/users/account.ctp, line 135]
2009-12-13 22:58:55 Notice: Notice (8): Undefined index:  section_ids in [APP/views/users/account.ctp, line 117]
2009-12-13 22:59:29 Notice: Notice (8): Undefined index:  section_ids in [APP/views/users/account.ctp, line 117]
2009-12-13 23:11:31 Notice: Notice (8): Undefined index:  section_ids in [APP/views/users/account.ctp, line 117]
2009-12-13 23:20:18 Notice: Notice (8): Undefined variable: time in [APP/views/users/account.ctp, line 32]
2009-12-13 23:45:05 Notice: Notice (8): Undefined offset:  0 in [CORE/cake/libs/model/model.php, line 1009]
2009-12-13 23:59:39 Notice: Notice (8): Undefined index:  title in [APP/views/ncaies/index.ctp, line 32]
2009-12-14 00:38:10 Notice: Notice (8): Undefined index:  title in [APP/views/ncaies/index.ctp, line 32]
2009-12-14 23:33:46 Notice: Notice (8): Undefined index:  User in [APP/views/ncaies/index.ctp, line 32]
2009-12-14 23:36:02 Notice: Notice (8): Undefined index:  User in [APP/views/ncaies/index.ctp, line 32]
2009-12-14 23:40:38 Notice: Notice (8): Undefined variable: expertise in [APP/views/ncaies/index.ctp, line 28]
2009-12-14 23:40:38 Notice: Notice (8): Undefined variable: lastTFM_nest in [APP/views/ncaies/index.ctp, line 29]
2009-12-14 23:41:14 Notice: Notice (8): Undefined variable: expertise in [APP/views/ncaies/index.ctp, line 27]
2009-12-14 23:41:14 Notice: Notice (8): Undefined variable: lastTFM_nest in [APP/views/ncaies/index.ctp, line 28]
2009-12-14 23:42:32 Notice: Notice (8): Undefined index:  Section in [APP/views/ncaies/index.ctp, line 28]
2009-12-14 23:43:32 Notice: Notice (8): Undefined index:  Area.title in [APP/views/expertises/search.ctp, line 2]
2009-12-17 00:53:27 Notice: Notice (8): Undefined index:  User in [APP/views/expertises/view.ctp, line 11]
2009-12-17 00:55:14 Notice: Notice (8): Undefined index:  area_id in [APP/controllers/expertises_controller.php, line 30]
2009-12-17 00:55:14 Notice: Notice (8): Undefined index:  message in [APP/controllers/expertises_controller.php, line 31]
2009-12-17 00:55:14 Notice: Notice (8): Undefined index:  area_id in [APP/controllers/expertises_controller.php, line 33]
2009-12-17 00:55:14 Notice: Notice (8): Undefined variable: expertises in [APP/controllers/expertises_controller.php, line 37]
2009-12-17 00:55:38 Notice: Notice (8): Undefined index:  area_id in [APP/controllers/expertises_controller.php, line 30]
2009-12-17 00:55:38 Notice: Notice (8): Undefined index:  message in [APP/controllers/expertises_controller.php, line 31]
2009-12-17 00:55:38 Notice: Notice (8): Undefined index:  area_id in [APP/controllers/expertises_controller.php, line 33]
2009-12-17 00:55:38 Notice: Notice (8): Undefined variable: expertises in [APP/controllers/expertises_controller.php, line 37]
2009-12-17 00:56:52 Notice: Notice (8): Undefined index:  area_id in [APP/controllers/expertises_controller.php, line 30]
2009-12-17 00:56:52 Notice: Notice (8): Undefined index:  message in [APP/controllers/expertises_controller.php, line 31]
2009-12-17 00:56:52 Notice: Notice (8): Undefined index:  area_id in [APP/controllers/expertises_controller.php, line 33]
2009-12-17 00:56:52 Notice: Notice (8): Undefined variable: expertises in [APP/controllers/expertises_controller.php, line 37]
2009-12-17 00:59:33 Notice: Notice (8): Undefined property:  Expertise::$User in [APP/controllers/expertises_controller.php, line 57]
2009-12-17 01:00:11 Notice: Notice (8): Undefined index:  area_id in [APP/controllers/expertises_controller.php, line 30]
2009-12-17 01:00:11 Notice: Notice (8): Undefined index:  message in [APP/controllers/expertises_controller.php, line 31]
2009-12-17 01:00:11 Notice: Notice (8): Undefined index:  area_id in [APP/controllers/expertises_controller.php, line 33]
2009-12-17 01:00:11 Notice: Notice (8): Undefined variable: expertises in [APP/controllers/expertises_controller.php, line 37]
2009-12-17 01:02:28 Notice: Notice (8): Undefined variable: expertises in [APP/controllers/expertises_controller.php, line 37]
2009-12-17 01:04:13 Notice: Notice (8): Undefined variable: datas in [APP/controllers/expertises_controller.php, line 37]
2009-12-17 01:06:54 Notice: Notice (8): Undefined index:  Area.title in [APP/views/expertises/search.ctp, line 2]
2009-12-17 01:07:28 Notice: Notice (8): Undefined variable: expertises in [APP/controllers/expertises_controller.php, line 37]
2009-12-17 01:10:02 Notice: Notice (8): Undefined property:  ExpertisesController::$Email in [APP/controllers/expertises_controller.php, line 39]
2009-12-17 01:11:38 Notice: Notice (8): Undefined property:  ExpertisesController::$Email in [APP/controllers/expertises_controller.php, line 40]
2009-12-17 01:14:02 Notice: Notice (8): Undefined variable: template in [APP/controllers/expertises_controller.php, line 45]
2009-12-17 21:45:04 Notice: Notice (8): Undefined variable: area in [APP/views/expertises/post.ctp, line 11]
2009-12-17 21:45:58 Notice: Notice (8): Undefined variable: area in [APP/views/expertises/post.ctp, line 11]
2009-12-17 21:46:20 Notice: Notice (8): Undefined variable: area in [APP/views/expertises/post.ctp, line 11]
2009-12-17 21:51:21 Notice: Notice (8): Undefined variable: area in [APP/views/expertises/post.ctp, line 11]
2009-12-17 21:51:43 Notice: Notice (8): Undefined variable: area in [APP/views/expertises/post.ctp, line 11]
2009-12-17 21:54:21 Notice: Notice (8): Undefined variable: area in [APP/views/expertises/post.ctp, line 11]
2009-12-17 21:55:34 Notice: Notice (8): Undefined variable: area in [APP/views/expertises/post.ctp, line 11]
2009-12-17 21:55:42 Notice: Notice (8): Undefined variable: area in [APP/views/expertises/post.ctp, line 11]
2009-12-17 22:01:37 Notice: Notice (8): Undefined variable: area in [APP/views/expertises/post.ctp, line 11]
2009-12-17 22:02:26 Notice: Notice (8): Undefined index:  User in [APP/controllers/expertises_controller.php, line 42]
2009-12-17 22:02:27 Notice: Notice (8): Undefined variable: area in [APP/views/expertises/post.ctp, line 11]
2009-12-17 22:03:21 Notice: Notice (8): Undefined variable: area in [APP/views/expertises/post.ctp, line 11]
2009-12-17 22:03:33 Notice: Notice (8): Undefined index:  username in [APP/controllers/expertises_controller.php, line 42]
2009-12-17 22:03:34 Notice: Notice (8): Undefined variable: area in [APP/views/expertises/post.ctp, line 11]
2009-12-17 22:09:30 Notice: Notice (8): Undefined variable: area in [APP/views/expertises/post.ctp, line 11]
2009-12-17 22:09:46 Notice: Notice (8): Undefined variable: area in [APP/views/expertises/post.ctp, line 11]
2009-12-17 22:10:48 Notice: Notice (8): Undefined variable: area in [APP/views/expertises/post.ctp, line 11]
2009-12-17 22:11:06 Notice: Notice (8): Undefined variable: area in [APP/views/expertises/post.ctp, line 11]
2009-12-17 22:14:10 Notice: Notice (8): Undefined variable: area in [APP/views/expertises/post.ctp, line 11]
2009-12-17 22:14:23 Notice: Notice (8): Undefined index:  User in [APP/controllers/expertises_controller.php, line 42]
2009-12-17 22:14:24 Notice: Notice (8): Undefined variable: area in [APP/views/expertises/post.ctp, line 11]
2009-12-17 22:15:11 Notice: Notice (8): Undefined variable: area in [APP/views/expertises/post.ctp, line 11]
2009-12-17 22:15:17 Notice: Notice (8): Undefined variable: area in [APP/views/expertises/post.ctp, line 11]
2009-12-17 22:16:46 Notice: Notice (8): Undefined variable: area in [APP/views/expertises/post.ctp, line 11]
2009-12-17 22:18:51 Notice: Notice (8): Undefined variable: area in [APP/views/expertises/post.ctp, line 11]
2009-12-17 22:19:59 Notice: Notice (8): Undefined variable: area in [APP/views/expertises/post.ctp, line 11]
2009-12-17 22:20:13 Notice: Notice (8): Undefined variable: area in [APP/views/expertises/post.ctp, line 11]
2009-12-17 22:21:20 Notice: Notice (8): Undefined variable: area in [APP/views/expertises/post.ctp, line 11]
2009-12-17 22:21:41 Notice: Notice (8): Undefined variable: area in [APP/views/expertises/post.ctp, line 11]
2009-12-17 22:26:01 Notice: Notice (8): Undefined variable: area in [APP/views/expertises/post.ctp, line 11]
2009-12-17 22:26:26 Notice: Notice (8): Undefined variable: area in [APP/views/expertises/post.ctp, line 11]
2009-12-17 22:26:40 Notice: Notice (8): Undefined variable: data in [APP/controllers/expertises_controller.php, line 32]
2009-12-17 22:26:40 Notice: Notice (8): Undefined variable: area in [APP/views/expertises/post.ctp, line 11]
2009-12-17 22:27:09 Notice: Notice (8): Undefined variable: area in [APP/views/expertises/post.ctp, line 11]
2009-12-17 22:27:24 Notice: Notice (8): Undefined variable: area in [APP/views/expertises/post.ctp, line 11]
2009-12-17 22:40:35 Notice: Notice (8): Undefined index:  email in [APP/controllers/profiles_controller.php, line 69]
2009-12-17 22:40:35 Notice: Notice (8): Undefined index:  name in [APP/controllers/profiles_controller.php, line 70]
2009-12-17 22:47:12 Notice: Notice (8): Undefined index:  email in [APP/controllers/profiles_controller.php, line 69]
2009-12-17 22:47:12 Notice: Notice (8): Undefined index:  name in [APP/controllers/profiles_controller.php, line 70]
2009-12-17 22:49:34 Notice: Notice (8): Undefined index:  email in [APP/controllers/profiles_controller.php, line 69]
2009-12-17 22:49:34 Notice: Notice (8): Undefined index:  name in [APP/controllers/profiles_controller.php, line 70]
2009-12-17 22:57:14 Notice: Notice (8): Undefined index:  email in [APP/controllers/profiles_controller.php, line 69]
2009-12-17 22:57:14 Notice: Notice (8): Undefined index:  name in [APP/controllers/profiles_controller.php, line 70]
2009-12-17 22:57:42 Notice: Notice (8): Undefined index:  email in [APP/controllers/profiles_controller.php, line 69]
2009-12-17 22:57:42 Notice: Notice (8): Undefined index:  name in [APP/controllers/profiles_controller.php, line 70]
2009-12-17 23:00:04 Notice: Notice (8): Undefined index:  email in [APP/controllers/profiles_controller.php, line 70]
2009-12-17 23:00:04 Notice: Notice (8): Undefined index:  name in [APP/controllers/profiles_controller.php, line 71]
2009-12-17 23:09:36 Notice: Notice (8): Undefined variable: area in [APP/views/expertises/post.ctp, line 11]
2009-12-18 14:43:06 Notice: Notice (8): Undefined variable: area in [APP/views/expertises/post.ctp, line 11]
2009-12-18 14:50:06 Notice: Notice (8): Undefined property:  NcaiesController::$Expertise in [APP/controllers/ncaies_controller.php, line 97]
2009-12-18 14:50:06 Notice: Notice (8): Trying to get property of non-object in [APP/controllers/ncaies_controller.php, line 97]
2009-12-18 14:50:53 Notice: Notice (8): Undefined property:  NcaiesController::$Expertise in [APP/controllers/ncaies_controller.php, line 97]
2009-12-18 14:50:53 Notice: Notice (8): Trying to get property of non-object in [APP/controllers/ncaies_controller.php, line 97]
2009-12-18 14:51:00 Notice: Notice (8): Undefined property:  NcaiesController::$Expertise in [APP/controllers/ncaies_controller.php, line 97]
2009-12-18 14:51:00 Notice: Notice (8): Trying to get property of non-object in [APP/controllers/ncaies_controller.php, line 97]
2009-12-18 14:52:12 Notice: Notice (8): Undefined index:  Ncaie in [APP/controllers/ncaies_controller.php, line 77]
2009-12-18 14:54:35 Notice: Notice (8): Undefined index:  Ncaie in [APP/controllers/ncaies_controller.php, line 77]
2009-12-18 14:57:16 Notice: Notice (8): Undefined index:  Section in [APP/controllers/ncaies_controller.php, line 84]
2009-12-18 14:57:16 Notice: Notice (8): Undefined index:  Section in [APP/controllers/ncaies_controller.php, line 89]
2009-12-18 15:49:19 Notice: Notice (8): Undefined variable: area in [APP/views/expertises/post.ctp, line 11]
2009-12-18 16:23:00 Notice: Notice (8): Undefined variable: area in [APP/views/expertises/post.ctp, line 11]
2010-05-21 00:43:12 Notice: Notice (8): Constant LOG_ERROR already defined in [APP/config/core.php, line 314]
2010-05-21 00:43:25 Notice: Notice (8): Constant LOG_ERROR already defined in [APP/config/core.php, line 314]
2010-05-21 00:44:56 Notice: Notice (8): Constant LOG_ERROR already defined in [APP/config/core.php, line 314]
2010-05-21 00:51:33 Notice: Notice (8): Constant LOG_ERROR already defined in [APP/config/core.php, line 314]
2010-05-21 00:52:47 Notice: Notice (8): Constant LOG_ERROR already defined in [APP/config/core.php, line 314]
2010-05-21 00:52:55 Notice: Notice (8): Constant LOG_ERROR already defined in [APP/config/core.php, line 314]
2010-05-21 00:53:08 Notice: Notice (8): Constant LOG_ERROR already defined in [APP/config/core.php, line 314]
2010-05-21 00:53:17 Notice: Notice (8): Constant LOG_ERROR already defined in [APP/config/core.php, line 314]
2010-05-21 00:53:29 Notice: Notice (8): Constant LOG_ERROR already defined in [APP/config/core.php, line 314]
2010-05-21 00:54:14 Notice: Notice (8): Constant LOG_ERROR already defined in [APP/config/core.php, line 314]
2010-05-21 00:56:21 Notice: Notice (8): Constant LOG_ERROR already defined in [APP/config/core.php, line 314]
2010-05-21 00:57:03 Notice: Notice (8): Constant LOG_ERROR already defined in [APP/config/core.php, line 314]
2010-05-21 00:57:13 Notice: Notice (8): Constant LOG_ERROR already defined in [APP/config/core.php, line 314]
2010-05-21 00:57:21 Notice: Notice (8): Constant LOG_ERROR already defined in [APP/config/core.php, line 314]
2010-05-21 01:02:01 Notice: Notice (8): Constant LOG_ERROR already defined in [APP/config/core.php, line 314]
2010-05-21 01:02:11 Notice: Notice (8): Constant LOG_ERROR already defined in [APP/config/core.php, line 314]
2010-05-21 01:02:46 Notice: Notice (8): Constant LOG_ERROR already defined in [APP/config/core.php, line 314]
2010-05-21 01:03:06 Notice: Notice (8): Constant LOG_ERROR already defined in [APP/config/core.php, line 314]
2010-05-21 01:06:03 Notice: Notice (8): Constant LOG_ERROR already defined in [APP/config/core.php, line 314]
2010-05-21 01:06:41 Notice: Notice (8): Constant LOG_ERROR already defined in [APP/config/core.php, line 314]
2010-05-21 01:06:56 Notice: Notice (8): Constant LOG_ERROR already defined in [APP/config/core.php, line 314]
2010-05-21 01:15:13 Notice: Notice (8): Constant LOG_ERROR already defined in [APP/config/core.php, line 314]
2010-05-21 01:35:13 Notice: Notice (8): Constant LOG_ERROR already defined in [APP/config/core.php, line 314]
2010-05-21 01:35:24 Notice: Notice (8): Constant LOG_ERROR already defined in [APP/config/core.php, line 314]
