2009-08-15 22:21:04 Warning: Warning (2): mysql_connect() [<a href='http://php.net/function.mysql-connect'>function.mysql-connect</a>]: Can't connect to local MySQL server through socket '/var/run/mysqld/mysqld.sock' (2) in [CORE/cake/libs/model/datasources/dbo/dbo_mysql.php, line 374]
2009-08-15 22:21:04 Warning: Warning (2): mysql_select_db(): supplied argument is not a valid MySQL-Link resource in [CORE/cake/libs/model/datasources/dbo/dbo_mysql.php, line 379]
2009-08-15 22:21:04 Warning: Warning (2): mysql_get_server_info(): supplied argument is not a valid MySQL-Link resource in [CORE/cake/libs/model/datasources/dbo/dbo_mysql.php, line 387]
2009-08-15 22:21:04 Warning: Warning (2): mysql_query(): supplied argument is not a valid MySQL-Link resource in [CORE/cake/libs/model/datasources/dbo/dbo_mysql.php, line 411]
2009-08-15 22:22:00 Warning: Warning (2): mysql_connect() [<a href='http://php.net/function.mysql-connect'>function.mysql-connect</a>]: Can't connect to local MySQL server through socket '/var/run/mysqld/mysqld.sock' (2) in [CORE/cake/libs/model/datasources/dbo/dbo_mysql.php, line 374]
2009-08-15 22:22:00 Warning: Warning (2): mysql_select_db(): supplied argument is not a valid MySQL-Link resource in [CORE/cake/libs/model/datasources/dbo/dbo_mysql.php, line 379]
2009-08-15 22:22:00 Warning: Warning (2): mysql_get_server_info(): supplied argument is not a valid MySQL-Link resource in [CORE/cake/libs/model/datasources/dbo/dbo_mysql.php, line 387]
2009-08-15 22:22:00 Warning: Warning (2): mysql_query(): supplied argument is not a valid MySQL-Link resource in [CORE/cake/libs/model/datasources/dbo/dbo_mysql.php, line 411]
2009-08-15 22:22:39 Warning: Warning (2): mysql_connect() [<a href='http://php.net/function.mysql-connect'>function.mysql-connect</a>]: Can't connect to local MySQL server through socket '/var/run/mysqld/mysqld.sock' (2) in [CORE/cake/libs/model/datasources/dbo/dbo_mysql.php, line 374]
2009-08-15 22:22:39 Warning: Warning (2): mysql_select_db(): supplied argument is not a valid MySQL-Link resource in [CORE/cake/libs/model/datasources/dbo/dbo_mysql.php, line 379]
2009-08-15 22:22:39 Warning: Warning (2): mysql_get_server_info(): supplied argument is not a valid MySQL-Link resource in [CORE/cake/libs/model/datasources/dbo/dbo_mysql.php, line 387]
2009-08-15 22:22:39 Warning: Warning (2): mysql_query(): supplied argument is not a valid MySQL-Link resource in [CORE/cake/libs/model/datasources/dbo/dbo_mysql.php, line 411]
2009-08-15 22:24:38 Warning: Warning (2): mysql_connect() [<a href='http://php.net/function.mysql-connect'>function.mysql-connect</a>]: Can't connect to local MySQL server through socket '/var/run/mysqld/mysqld.sock' (2) in [CORE/cake/libs/model/datasources/dbo/dbo_mysql.php, line 374]
2009-08-15 22:24:38 Warning: Warning (2): mysql_select_db(): supplied argument is not a valid MySQL-Link resource in [CORE/cake/libs/model/datasources/dbo/dbo_mysql.php, line 379]
2009-08-15 22:24:38 Warning: Warning (2): mysql_get_server_info(): supplied argument is not a valid MySQL-Link resource in [CORE/cake/libs/model/datasources/dbo/dbo_mysql.php, line 387]
2009-08-15 22:24:38 Warning: Warning (2): mysql_query(): supplied argument is not a valid MySQL-Link resource in [CORE/cake/libs/model/datasources/dbo/dbo_mysql.php, line 411]
2009-08-15 22:32:20 Warning: Warning (2): mysql_connect() [<a href='http://php.net/function.mysql-connect'>function.mysql-connect</a>]: Can't connect to local MySQL server through socket '/var/run/mysqld/mysqld.sock' (2) in [CORE/cake/libs/model/datasources/dbo/dbo_mysql.php, line 374]
2009-08-15 22:32:20 Warning: Warning (2): mysql_select_db(): supplied argument is not a valid MySQL-Link resource in [CORE/cake/libs/model/datasources/dbo/dbo_mysql.php, line 379]
2009-08-15 22:32:20 Warning: Warning (2): mysql_get_server_info(): supplied argument is not a valid MySQL-Link resource in [CORE/cake/libs/model/datasources/dbo/dbo_mysql.php, line 387]
2009-08-15 22:32:20 Warning: Warning (2): mysql_query(): supplied argument is not a valid MySQL-Link resource in [CORE/cake/libs/model/datasources/dbo/dbo_mysql.php, line 411]
2009-08-15 22:34:55 Warning: Warning (2): mysql_connect() [<a href='http://php.net/function.mysql-connect'>function.mysql-connect</a>]: Can't connect to local MySQL server through socket '/var/run/mysqld/mysqld.sock' (2) in [CORE/cake/libs/model/datasources/dbo/dbo_mysql.php, line 374]
2009-08-15 22:34:55 Warning: Warning (2): mysql_select_db(): supplied argument is not a valid MySQL-Link resource in [CORE/cake/libs/model/datasources/dbo/dbo_mysql.php, line 379]
2009-08-15 22:34:55 Warning: Warning (2): mysql_get_server_info(): supplied argument is not a valid MySQL-Link resource in [CORE/cake/libs/model/datasources/dbo/dbo_mysql.php, line 387]
2009-08-15 22:34:55 Warning: Warning (2): mysql_query(): supplied argument is not a valid MySQL-Link resource in [CORE/cake/libs/model/datasources/dbo/dbo_mysql.php, line 411]
2009-08-15 22:39:21 Warning: Warning (2): mysql_connect() [<a href='http://php.net/function.mysql-connect'>function.mysql-connect</a>]: Can't connect to local MySQL server through socket '/var/run/mysqld/mysqld.sock' (2) in [CORE/cake/libs/model/datasources/dbo/dbo_mysql.php, line 374]
2009-08-15 22:39:21 Warning: Warning (2): mysql_select_db(): supplied argument is not a valid MySQL-Link resource in [CORE/cake/libs/model/datasources/dbo/dbo_mysql.php, line 379]
2009-08-15 22:39:21 Warning: Warning (2): mysql_get_server_info(): supplied argument is not a valid MySQL-Link resource in [CORE/cake/libs/model/datasources/dbo/dbo_mysql.php, line 387]
2009-08-15 22:39:21 Warning: Warning (2): mysql_query(): supplied argument is not a valid MySQL-Link resource in [CORE/cake/libs/model/datasources/dbo/dbo_mysql.php, line 411]
2009-08-15 23:02:06 Warning: Warning (512): <span style = "color:Red;text-align:left"><b>SQL Error:</b> 1054: Unknown column 'AreasUser.area_id' in 'where clause'</span> in [CORE/cake/libs/model/datasources/dbo_source.php, line 525]
2009-08-15 23:02:06 Warning: Warning (512): <span style = "color:Red;text-align:left"><b>SQL Error:</b> 1054: Unknown column 'area_id' in 'field list'</span> in [CORE/cake/libs/model/datasources/dbo_source.php, line 525]
2009-08-15 23:02:06 Warning: Warning (2): Cannot modify header information - headers already sent by (output started at /hermes/bosweb/web037/b374/ipw.ncaieorg/public_html/members/cake/basics.php:111) in [CORE/cake/libs/controller/controller.php, line 640]
2009-08-15 23:02:37 Warning: Warning (512): <span style = "color:Red;text-align:left"><b>SQL Error:</b> 1054: Unknown column 'AreasUser.area_id' in 'on clause'</span> in [CORE/cake/libs/model/datasources/dbo_source.php, line 525]
2009-08-15 23:02:40 Warning: Warning (512): <span style = "color:Red;text-align:left"><b>SQL Error:</b> 1054: Unknown column 'AreasUser.area_id' in 'on clause'</span> in [CORE/cake/libs/model/datasources/dbo_source.php, line 525]
2009-08-15 23:03:59 Warning: Warning (512): <span style = "color:Red;text-align:left"><b>SQL Error:</b> 1054: Unknown column 'AreasUser.area_id' in 'on clause'</span> in [CORE/cake/libs/model/datasources/dbo_source.php, line 525]
2009-08-15 23:04:14 Warning: Warning (512): <span style = "color:Red;text-align:left"><b>SQL Error:</b> 1054: Unknown column 'AreasUser.area_id' in 'where clause'</span> in [CORE/cake/libs/model/datasources/dbo_source.php, line 525]
2009-08-15 23:04:14 Warning: Warning (2): Cannot modify header information - headers already sent by (output started at /hermes/bosweb/web037/b374/ipw.ncaieorg/public_html/members/cake/basics.php:111) in [CORE/cake/libs/controller/controller.php, line 640]
2009-08-16 03:09:58 Warning: Warning (512): DbAcl::check() - Failed ARO/ACO node lookup in permissions check.  Node references:
Aro: Array
(
    [User] => Array
        (
            [id] => 4a87b0b5-27a8-4c50-b68d-029ddb791a31
            [first_name] => ed
            [last_name] => asfd
            [username] => ed
            [group_id] => 0
            [created] => 2009-08-16 03:09:41
            [modified] => 2009-08-16 03:09:41
        )

)

Aco: Areas/index in [CORE/cake/libs/controller/components/acl.php, line 239]
2009-08-16 03:09:58 Warning: Warning (2): Cannot modify header information - headers already sent by (output started at /hermes/bosweb/web037/b374/ipw.ncaieorg/public_html/members/cake/basics.php:111) in [CORE/cake/libs/controller/controller.php, line 640]
2009-08-16 03:11:00 Warning: Warning (512): DbAcl::check() - Failed ARO/ACO node lookup in permissions check.  Node references:
Aro: Array
(
    [User] => Array
        (
            [id] => 4a87b0b5-27a8-4c50-b68d-029ddb791a31
            [first_name] => ed
            [last_name] => asfd
            [username] => ed
            [group_id] => 0
            [created] => 2009-08-16 03:09:41
            [modified] => 2009-08-16 03:09:41
        )

)

Aco: Pages/display in [CORE/cake/libs/controller/components/acl.php, line 239]
2009-08-16 03:11:01 Warning: Warning (2): Cannot modify header information - headers already sent by (output started at /hermes/bosweb/web037/b374/ipw.ncaieorg/public_html/members/cake/basics.php:111) in [CORE/cake/libs/controller/controller.php, line 640]
2009-08-16 03:11:52 Warning: Warning (512): DbAcl::check() - Failed ARO/ACO node lookup in permissions check.  Node references:
Aro: Array
(
    [User] => Array
        (
            [id] => 4a87b0b5-27a8-4c50-b68d-029ddb791a31
            [first_name] => ed
            [last_name] => asfd
            [username] => ed
            [group_id] => 0
            [created] => 2009-08-16 03:09:41
            [modified] => 2009-08-16 03:09:41
        )

)

Aco: Pages/display in [CORE/cake/libs/controller/components/acl.php, line 239]
2009-08-16 03:11:52 Warning: Warning (2): Cannot modify header information - headers already sent by (output started at /hermes/bosweb/web037/b374/ipw.ncaieorg/public_html/members/cake/basics.php:111) in [CORE/cake/libs/controller/controller.php, line 640]
2009-08-16 03:12:28 Warning: Warning (512): DbAcl::check() - Failed ARO/ACO node lookup in permissions check.  Node references:
Aro: Array
(
    [User] => Array
        (
            [id] => 4a87b0b5-27a8-4c50-b68d-029ddb791a31
            [first_name] => ed
            [last_name] => asfd
            [username] => ed
            [group_id] => 0
            [created] => 2009-08-16 03:09:41
            [modified] => 2009-08-16 03:09:41
        )

)

Aco: Pages/display in [CORE/cake/libs/controller/components/acl.php, line 239]
2009-08-16 03:12:28 Warning: Warning (2): Cannot modify header information - headers already sent by (output started at /hermes/bosweb/web037/b374/ipw.ncaieorg/public_html/members/cake/basics.php:111) in [CORE/cake/libs/controller/controller.php, line 640]
2009-08-16 03:14:55 Warning: Warning (512): DbAcl::check() - Failed ARO/ACO node lookup in permissions check.  Node references:
Aro: Array
(
    [User] => Array
        (
            [id] => 4a87b0b5-27a8-4c50-b68d-029ddb791a31
            [first_name] => ed
            [last_name] => asfd
            [username] => ed
            [group_id] => 0
            [created] => 2009-08-16 03:09:41
            [modified] => 2009-08-16 03:09:41
        )

)

Aco: Pages/display in [CORE/cake/libs/controller/components/acl.php, line 239]
2009-08-16 03:14:55 Warning: Warning (2): Cannot modify header information - headers already sent by (output started at /hermes/bosweb/web037/b374/ipw.ncaieorg/public_html/members/cake/basics.php:111) in [CORE/cake/libs/controller/controller.php, line 640]
2009-08-16 03:16:34 Warning: Warning (512): DbAcl::check() - Failed ARO/ACO node lookup in permissions check.  Node references:
Aro: Array
(
    [User] => Array
        (
            [id] => 4a87b0b5-27a8-4c50-b68d-029ddb791a31
            [first_name] => ed
            [last_name] => asfd
            [username] => ed
            [group_id] => 0
            [created] => 2009-08-16 03:09:41
            [modified] => 2009-08-16 03:09:41
        )

)

Aco: Pages/display in [CORE/cake/libs/controller/components/acl.php, line 239]
2009-08-16 03:16:34 Warning: Warning (2): Cannot modify header information - headers already sent by (output started at /hermes/bosweb/web037/b374/ipw.ncaieorg/public_html/members/cake/basics.php:111) in [CORE/cake/libs/controller/controller.php, line 640]
2009-08-16 03:16:57 Warning: Warning (512): DbAcl::check() - Failed ARO/ACO node lookup in permissions check.  Node references:
Aro: Array
(
    [User] => Array
        (
            [id] => 4a87b0b5-27a8-4c50-b68d-029ddb791a31
            [first_name] => ed
            [last_name] => asfd
            [username] => ed
            [group_id] => 0
            [created] => 2009-08-16 03:09:41
            [modified] => 2009-08-16 03:09:41
        )

)

Aco: Pages/display in [CORE/cake/libs/controller/components/acl.php, line 239]
2009-08-16 03:16:57 Warning: Warning (2): Cannot modify header information - headers already sent by (output started at /hermes/bosweb/web037/b374/ipw.ncaieorg/public_html/members/cake/basics.php:111) in [CORE/cake/libs/controller/controller.php, line 640]
2009-08-16 03:18:24 Warning: Warning (512): DbAcl::check() - Failed ARO/ACO node lookup in permissions check.  Node references:
Aro: Array
(
    [User] => Array
        (
            [id] => 4a87b0b5-27a8-4c50-b68d-029ddb791a31
            [first_name] => ed
            [last_name] => asfd
            [username] => ed
            [group_id] => 0
            [created] => 2009-08-16 03:09:41
            [modified] => 2009-08-16 03:09:41
        )

)

Aco: Pages/display in [CORE/cake/libs/controller/components/acl.php, line 239]
2009-08-16 03:18:24 Warning: Warning (2): Cannot modify header information - headers already sent by (output started at /hermes/bosweb/web037/b374/ipw.ncaieorg/public_html/members/cake/basics.php:111) in [CORE/cake/libs/controller/controller.php, line 640]
2009-08-16 03:18:49 Warning: Warning (512): DbAcl::check() - Failed ARO/ACO node lookup in permissions check.  Node references:
Aro: Array
(
    [User] => Array
        (
            [id] => 4a87b0b5-27a8-4c50-b68d-029ddb791a31
            [first_name] => ed
            [last_name] => asfd
            [username] => ed
            [group_id] => 1
            [created] => 2009-08-16 03:09:41
            [modified] => 2009-08-16 03:09:41
        )

)

Aco: Pages/display in [CORE/cake/libs/controller/components/acl.php, line 239]
2009-08-16 03:18:49 Warning: Warning (2): Cannot modify header information - headers already sent by (output started at /hermes/bosweb/web037/b374/ipw.ncaieorg/public_html/members/cake/basics.php:111) in [CORE/cake/libs/controller/controller.php, line 640]
2009-08-16 03:19:57 Warning: Warning (512): DbAcl::check() - Failed ARO/ACO node lookup in permissions check.  Node references:
Aro: Array
(
    [User] => Array
        (
            [id] => 4a87b0b5-27a8-4c50-b68d-029ddb791a31
            [first_name] => ed
            [last_name] => asfd
            [username] => ed
            [group_id] => 1
            [created] => 2009-08-16 03:09:41
            [modified] => 2009-08-16 03:09:41
        )

)

Aco: Pages/display in [CORE/cake/libs/controller/components/acl.php, line 239]
2009-08-16 03:19:57 Warning: Warning (2): Cannot modify header information - headers already sent by (output started at /hermes/bosweb/web037/b374/ipw.ncaieorg/public_html/members/cake/basics.php:111) in [CORE/cake/libs/controller/controller.php, line 640]
2009-08-16 03:36:04 Warning: Warning (512): DbAcl::check() - Failed ARO/ACO node lookup in permissions check.  Node references:
Aro: Array
(
    [User] => Array
        (
            [id] => 4a87b641-66cc-4943-a26b-4d9edb791a31
            [first_name] => ed
            [last_name] => ed
            [username] => ed
            [group_id] => 0
            [created] => 2009-08-16 03:33:21
            [modified] => 2009-08-16 03:33:21
        )

)

Aco: Pages/display in [CORE/cake/libs/controller/components/acl.php, line 239]
2009-08-16 03:36:04 Warning: Warning (2): Cannot modify header information - headers already sent by (output started at /hermes/bosweb/web037/b374/ipw.ncaieorg/public_html/members/cake/basics.php:111) in [CORE/cake/libs/controller/controller.php, line 640]
2009-08-16 03:36:31 Warning: Warning (512): DbAcl::check() - Failed ARO/ACO node lookup in permissions check.  Node references:
Aro: Array
(
    [User] => Array
        (
            [id] => 4a87b3e5-4818-4931-bc5b-6d88db791a31
            [first_name] => 
            [last_name] => 
            [username] => temp
            [group_id] => 0
            [created] => 2009-08-16 03:23:17
            [modified] => 2009-08-16 03:23:17
        )

)

Aco: Pages/display in [CORE/cake/libs/controller/components/acl.php, line 239]
2009-08-16 03:36:31 Warning: Warning (2): Cannot modify header information - headers already sent by (output started at /hermes/bosweb/web037/b374/ipw.ncaieorg/public_html/members/cake/basics.php:111) in [CORE/cake/libs/controller/controller.php, line 640]
2009-08-16 12:42:18 Warning: Warning (2): unlink(/hermes/bosweb/web037/b374/ipw.ncaieorg/public_html/members/app/tmp/cache/persistent/cake_core_core_paths) [<a href='http://php.net/function.unlink'>function.unlink</a>]: No such file or directory in [CORE/cake/libs/file.php, line 292]
2009-08-16 12:42:18 Warning: Warning (2): unlink(/hermes/bosweb/web037/b374/ipw.ncaieorg/public_html/members/app/tmp/cache/persistent/cake_core_default_en_us) [<a href='http://php.net/function.unlink'>function.unlink</a>]: No such file or directory in [CORE/cake/libs/file.php, line 292]
2009-08-16 12:44:03 Warning: Warning (512): <span style = "color:Red;text-align:left"><b>SQL Error:</b> 1048: Column 'group_id' cannot be null</span> in [CORE/cake/libs/model/datasources/dbo_source.php, line 525]
2009-09-24 21:08:33 Warning: Warning (2): fopen(/hermes/bosweb/web037/b374/ipw.ncaieorg/public_html/members/app/tmp/cache/persistent/cake_core_core_paths) [<a href='http://php.net/function.fopen'>function.fopen</a>]: failed to open stream: No such file or directory in [CORE/cake/libs/file.php, line 156]
2009-09-24 21:08:34 Warning: Warning (2): unlink(/hermes/bosweb/web037/b374/ipw.ncaieorg/public_html/members/app/tmp/cache/models/cake_model_default_lccm_list) [<a href='http://php.net/function.unlink'>function.unlink</a>]: No such file or directory in [CORE/cake/libs/file.php, line 292]
2009-09-24 21:08:34 Warning: Warning (2): fopen(/hermes/bosweb/web037/b374/ipw.ncaieorg/public_html/members/app/tmp/cache/models/cake_model_default_areas) [<a href='http://php.net/function.fopen'>function.fopen</a>]: failed to open stream: Stale NFS file handle in [CORE/cake/libs/file.php, line 156]
2009-09-24 21:08:34 Warning: Warning (2): unlink(/hermes/bosweb/web037/b374/ipw.ncaieorg/public_html/members/app/tmp/cache/models/cake_model_default_users) [<a href='http://php.net/function.unlink'>function.unlink</a>]: No such file or directory in [CORE/cake/libs/file.php, line 292]
2009-09-24 21:08:35 Warning: Warning (2): unlink(/hermes/bosweb/web037/b374/ipw.ncaieorg/public_html/members/app/tmp/cache/persistent/cake_core_default_en_us) [<a href='http://php.net/function.unlink'>function.unlink</a>]: No such file or directory in [CORE/cake/libs/file.php, line 292]
2009-09-24 21:14:36 Warning: Warning (512): <span style = "color:Red;text-align:left"><b>SQL Error:</b> 1054: Unknown column 'visible' in 'where clause'</span> in [CORE/cake/libs/model/datasources/dbo_source.php, line 525]
2009-09-24 22:08:23 Warning: Warning (512): <span style = "color:Red;text-align:left"><b>SQL Error:</b> 1054: Unknown column 'visible' in 'where clause'</span> in [CORE/cake/libs/model/datasources/dbo_source.php, line 525]
2009-09-24 22:20:35 Warning: Warning (512): <span style = "color:Red;text-align:left"><b>SQL Error:</b> 1146: Table 'lccm.Dropdowns' doesn't exist</span> in [CORE/cake/libs/model/datasources/dbo_source.php, line 525]
2009-09-24 22:20:35 Warning: Warning (2): Invalid argument supplied for foreach() in [CORE/cake/libs/model/datasources/dbo/dbo_mysql.php, line 451]
2009-09-24 22:22:29 Warning: Warning (512): <span style = "color:Red;text-align:left"><b>SQL Error:</b> 1146: Table 'lccm.Dropdowns' doesn't exist</span> in [CORE/cake/libs/model/datasources/dbo_source.php, line 525]
2009-09-24 22:22:29 Warning: Warning (2): Invalid argument supplied for foreach() in [CORE/cake/libs/model/datasources/dbo/dbo_mysql.php, line 451]
2009-09-24 22:23:31 Warning: Warning (512): <span style = "color:Red;text-align:left"><b>SQL Error:</b> 1146: Table 'lccm.Dropdowns' doesn't exist</span> in [CORE/cake/libs/model/datasources/dbo_source.php, line 525]
2009-09-24 22:23:32 Warning: Warning (2): Invalid argument supplied for foreach() in [CORE/cake/libs/model/datasources/dbo/dbo_mysql.php, line 451]
2009-09-24 22:23:32 Warning: Warning (2): array_keys() [<a href='http://php.net/function.array-keys'>function.array-keys</a>]: The first argument should be an array in [CORE/cake/libs/model/datasources/dbo_source.php, line 1667]
2009-09-24 22:23:32 Warning: Warning (2): array_filter() [<a href='http://php.net/function.array-filter'>function.array-filter</a>]: The first argument should be an array in [CORE/cake/libs/model/datasources/dbo_source.php, line 1671]
2009-09-24 22:23:32 Warning: Warning (2): array_values() [<a href='http://php.net/function.array-values'>function.array-values</a>]: The argument should be an array in [CORE/cake/libs/model/datasources/dbo_source.php, line 1671]
2009-09-24 22:23:32 Warning: Warning (2): array_unique() [<a href='http://php.net/function.array-unique'>function.array-unique</a>]: The argument should be an array in [CORE/cake/libs/model/datasources/dbo_source.php, line 1731]
2009-09-24 22:23:32 Warning: Warning (2): array_merge() [<a href='http://php.net/function.array-merge'>function.array-merge</a>]: Argument #2 is not an array in [CORE/cake/libs/model/datasources/dbo_source.php, line 1118]
2009-09-24 22:23:32 Warning: Warning (2): Invalid argument supplied for foreach() in [APP/views/users/index.ctp, line 22]
2009-09-24 22:23:34 Warning: Warning (512): <span style = "color:Red;text-align:left"><b>SQL Error:</b> 1146: Table 'lccm.Dropdowns' doesn't exist</span> in [CORE/cake/libs/model/datasources/dbo_source.php, line 525]
2009-09-24 22:23:34 Warning: Warning (2): Invalid argument supplied for foreach() in [CORE/cake/libs/model/datasources/dbo/dbo_mysql.php, line 451]
2009-09-24 22:23:35 Warning: Warning (2): array_keys() [<a href='http://php.net/function.array-keys'>function.array-keys</a>]: The first argument should be an array in [CORE/cake/libs/model/datasources/dbo_source.php, line 1667]
2009-09-24 22:23:35 Warning: Warning (2): array_filter() [<a href='http://php.net/function.array-filter'>function.array-filter</a>]: The first argument should be an array in [CORE/cake/libs/model/datasources/dbo_source.php, line 1671]
2009-09-24 22:23:35 Warning: Warning (2): array_values() [<a href='http://php.net/function.array-values'>function.array-values</a>]: The argument should be an array in [CORE/cake/libs/model/datasources/dbo_source.php, line 1671]
2009-09-24 22:23:35 Warning: Warning (2): array_unique() [<a href='http://php.net/function.array-unique'>function.array-unique</a>]: The argument should be an array in [CORE/cake/libs/model/datasources/dbo_source.php, line 1731]
2009-09-24 22:23:35 Warning: Warning (2): array_merge() [<a href='http://php.net/function.array-merge'>function.array-merge</a>]: Argument #2 is not an array in [CORE/cake/libs/model/datasources/dbo_source.php, line 1118]
2009-09-24 22:23:35 Warning: Warning (2): Invalid argument supplied for foreach() in [APP/views/users/index.ctp, line 22]
2009-09-24 22:24:16 Warning: Warning (512): <span style = "color:Red;text-align:left"><b>SQL Error:</b> 1146: Table 'lccm.Dropdowns' doesn't exist</span> in [CORE/cake/libs/model/datasources/dbo_source.php, line 525]
2009-09-24 22:24:16 Warning: Warning (2): Invalid argument supplied for foreach() in [CORE/cake/libs/model/datasources/dbo/dbo_mysql.php, line 451]
2009-09-24 22:24:16 Warning: Warning (2): array_keys() [<a href='http://php.net/function.array-keys'>function.array-keys</a>]: The first argument should be an array in [CORE/cake/libs/model/datasources/dbo_source.php, line 1667]
2009-09-24 22:24:16 Warning: Warning (2): array_filter() [<a href='http://php.net/function.array-filter'>function.array-filter</a>]: The first argument should be an array in [CORE/cake/libs/model/datasources/dbo_source.php, line 1671]
2009-09-24 22:24:16 Warning: Warning (2): array_values() [<a href='http://php.net/function.array-values'>function.array-values</a>]: The argument should be an array in [CORE/cake/libs/model/datasources/dbo_source.php, line 1671]
2009-09-24 22:24:16 Warning: Warning (2): array_unique() [<a href='http://php.net/function.array-unique'>function.array-unique</a>]: The argument should be an array in [CORE/cake/libs/model/datasources/dbo_source.php, line 1731]
2009-09-24 22:24:16 Warning: Warning (2): array_merge() [<a href='http://php.net/function.array-merge'>function.array-merge</a>]: Argument #2 is not an array in [CORE/cake/libs/model/datasources/dbo_source.php, line 1118]
2009-09-24 22:24:16 Warning: Warning (2): Invalid argument supplied for foreach() in [APP/views/users/index.ctp, line 22]
2009-09-24 22:49:03 Warning: Warning (512): <span style = "color:Red;text-align:left"><b>SQL Error:</b> 1146: Table 'lccm.Dropdowns' doesn't exist</span> in [CORE/cake/libs/model/datasources/dbo_source.php, line 525]
2009-09-24 22:49:04 Warning: Warning (2): Invalid argument supplied for foreach() in [CORE/cake/libs/model/datasources/dbo/dbo_mysql.php, line 451]
2009-09-24 22:49:04 Warning: Warning (2): array_keys() [<a href='http://php.net/function.array-keys'>function.array-keys</a>]: The first argument should be an array in [CORE/cake/libs/model/datasources/dbo_source.php, line 1667]
2009-09-24 22:49:04 Warning: Warning (2): array_filter() [<a href='http://php.net/function.array-filter'>function.array-filter</a>]: The first argument should be an array in [CORE/cake/libs/model/datasources/dbo_source.php, line 1671]
2009-09-24 22:49:04 Warning: Warning (2): array_values() [<a href='http://php.net/function.array-values'>function.array-values</a>]: The argument should be an array in [CORE/cake/libs/model/datasources/dbo_source.php, line 1671]
2009-09-24 22:49:04 Warning: Warning (2): array_unique() [<a href='http://php.net/function.array-unique'>function.array-unique</a>]: The argument should be an array in [CORE/cake/libs/model/datasources/dbo_source.php, line 1731]
2009-09-24 22:49:04 Warning: Warning (2): array_merge() [<a href='http://php.net/function.array-merge'>function.array-merge</a>]: Argument #2 is not an array in [CORE/cake/libs/model/datasources/dbo_source.php, line 1118]
2009-09-24 22:49:04 Warning: Warning (2): Invalid argument supplied for foreach() in [APP/views/users/index.ctp, line 22]
2009-09-24 22:49:05 Warning: Warning (512): <span style = "color:Red;text-align:left"><b>SQL Error:</b> 1146: Table 'lccm.Dropdowns' doesn't exist</span> in [CORE/cake/libs/model/datasources/dbo_source.php, line 525]
2009-09-24 22:49:05 Warning: Warning (2): Invalid argument supplied for foreach() in [CORE/cake/libs/model/datasources/dbo/dbo_mysql.php, line 451]
2009-09-24 22:49:06 Warning: Warning (2): array_keys() [<a href='http://php.net/function.array-keys'>function.array-keys</a>]: The first argument should be an array in [CORE/cake/libs/model/datasources/dbo_source.php, line 1667]
2009-09-24 22:49:06 Warning: Warning (2): array_filter() [<a href='http://php.net/function.array-filter'>function.array-filter</a>]: The first argument should be an array in [CORE/cake/libs/model/datasources/dbo_source.php, line 1671]
2009-09-24 22:49:06 Warning: Warning (2): array_values() [<a href='http://php.net/function.array-values'>function.array-values</a>]: The argument should be an array in [CORE/cake/libs/model/datasources/dbo_source.php, line 1671]
2009-09-24 22:49:06 Warning: Warning (2): array_unique() [<a href='http://php.net/function.array-unique'>function.array-unique</a>]: The argument should be an array in [CORE/cake/libs/model/datasources/dbo_source.php, line 1731]
2009-09-24 22:49:06 Warning: Warning (2): array_merge() [<a href='http://php.net/function.array-merge'>function.array-merge</a>]: Argument #2 is not an array in [CORE/cake/libs/model/datasources/dbo_source.php, line 1118]
2009-09-24 22:49:06 Warning: Warning (2): Invalid argument supplied for foreach() in [APP/views/users/index.ctp, line 22]
2009-09-24 22:49:14 Warning: Warning (512): <span style = "color:Red;text-align:left"><b>SQL Error:</b> 1146: Table 'lccm.Dropdowns' doesn't exist</span> in [CORE/cake/libs/model/datasources/dbo_source.php, line 525]
2009-09-24 22:49:14 Warning: Warning (2): Invalid argument supplied for foreach() in [CORE/cake/libs/model/datasources/dbo/dbo_mysql.php, line 451]
2009-09-24 22:49:14 Warning: Warning (2): array_keys() [<a href='http://php.net/function.array-keys'>function.array-keys</a>]: The first argument should be an array in [CORE/cake/libs/model/datasources/dbo_source.php, line 1667]
2009-09-24 22:49:14 Warning: Warning (2): array_filter() [<a href='http://php.net/function.array-filter'>function.array-filter</a>]: The first argument should be an array in [CORE/cake/libs/model/datasources/dbo_source.php, line 1671]
2009-09-24 22:49:14 Warning: Warning (2): array_values() [<a href='http://php.net/function.array-values'>function.array-values</a>]: The argument should be an array in [CORE/cake/libs/model/datasources/dbo_source.php, line 1671]
2009-09-24 22:49:14 Warning: Warning (2): array_unique() [<a href='http://php.net/function.array-unique'>function.array-unique</a>]: The argument should be an array in [CORE/cake/libs/model/datasources/dbo_source.php, line 1731]
2009-09-24 22:49:14 Warning: Warning (2): array_merge() [<a href='http://php.net/function.array-merge'>function.array-merge</a>]: Argument #2 is not an array in [CORE/cake/libs/model/datasources/dbo_source.php, line 1118]
2009-09-24 22:49:14 Warning: Warning (2): Invalid argument supplied for foreach() in [APP/views/users/index.ctp, line 22]
2009-09-24 22:49:20 Warning: Warning (512): <span style = "color:Red;text-align:left"><b>SQL Error:</b> 1146: Table 'lccm.Dropdowns' doesn't exist</span> in [CORE/cake/libs/model/datasources/dbo_source.php, line 525]
2009-09-24 22:49:20 Warning: Warning (2): Invalid argument supplied for foreach() in [CORE/cake/libs/model/datasources/dbo/dbo_mysql.php, line 451]
2009-09-24 22:49:20 Warning: Warning (2): array_keys() [<a href='http://php.net/function.array-keys'>function.array-keys</a>]: The first argument should be an array in [CORE/cake/libs/model/datasources/dbo_source.php, line 1667]
2009-09-24 22:49:20 Warning: Warning (2): array_filter() [<a href='http://php.net/function.array-filter'>function.array-filter</a>]: The first argument should be an array in [CORE/cake/libs/model/datasources/dbo_source.php, line 1671]
2009-09-24 22:49:20 Warning: Warning (2): array_values() [<a href='http://php.net/function.array-values'>function.array-values</a>]: The argument should be an array in [CORE/cake/libs/model/datasources/dbo_source.php, line 1671]
2009-09-24 22:49:20 Warning: Warning (2): array_unique() [<a href='http://php.net/function.array-unique'>function.array-unique</a>]: The argument should be an array in [CORE/cake/libs/model/datasources/dbo_source.php, line 1731]
2009-09-24 22:49:20 Warning: Warning (2): array_merge() [<a href='http://php.net/function.array-merge'>function.array-merge</a>]: Argument #2 is not an array in [CORE/cake/libs/model/datasources/dbo_source.php, line 1118]
2009-09-24 22:49:20 Warning: Warning (2): Invalid argument supplied for foreach() in [APP/views/users/index.ctp, line 22]
2009-09-24 22:50:52 Warning: Warning (512): <span style = "color:Red;text-align:left"><b>SQL Error:</b> 1146: Table 'lccm.Dropdowns' doesn't exist</span> in [CORE/cake/libs/model/datasources/dbo_source.php, line 525]
2009-09-24 22:50:52 Warning: Warning (2): Invalid argument supplied for foreach() in [CORE/cake/libs/model/datasources/dbo/dbo_mysql.php, line 451]
2009-09-24 22:50:52 Warning: Warning (2): array_keys() [<a href='http://php.net/function.array-keys'>function.array-keys</a>]: The first argument should be an array in [CORE/cake/libs/model/datasources/dbo_source.php, line 1667]
2009-09-24 22:50:52 Warning: Warning (2): array_filter() [<a href='http://php.net/function.array-filter'>function.array-filter</a>]: The first argument should be an array in [CORE/cake/libs/model/datasources/dbo_source.php, line 1671]
2009-09-24 22:50:52 Warning: Warning (2): array_values() [<a href='http://php.net/function.array-values'>function.array-values</a>]: The argument should be an array in [CORE/cake/libs/model/datasources/dbo_source.php, line 1671]
2009-09-24 22:50:52 Warning: Warning (2): array_unique() [<a href='http://php.net/function.array-unique'>function.array-unique</a>]: The argument should be an array in [CORE/cake/libs/model/datasources/dbo_source.php, line 1731]
2009-09-24 22:50:52 Warning: Warning (2): array_merge() [<a href='http://php.net/function.array-merge'>function.array-merge</a>]: Argument #2 is not an array in [CORE/cake/libs/model/datasources/dbo_source.php, line 1118]
2009-09-24 22:50:52 Warning: Warning (2): Invalid argument supplied for foreach() in [APP/views/users/index.ctp, line 22]
2009-09-24 22:50:55 Warning: Warning (512): <span style = "color:Red;text-align:left"><b>SQL Error:</b> 1146: Table 'lccm.Dropdowns' doesn't exist</span> in [CORE/cake/libs/model/datasources/dbo_source.php, line 525]
2009-09-24 22:50:55 Warning: Warning (2): Invalid argument supplied for foreach() in [CORE/cake/libs/model/datasources/dbo/dbo_mysql.php, line 451]
2009-09-24 22:50:55 Warning: Warning (2): array_keys() [<a href='http://php.net/function.array-keys'>function.array-keys</a>]: The first argument should be an array in [CORE/cake/libs/model/datasources/dbo_source.php, line 1667]
2009-09-24 22:50:55 Warning: Warning (2): array_filter() [<a href='http://php.net/function.array-filter'>function.array-filter</a>]: The first argument should be an array in [CORE/cake/libs/model/datasources/dbo_source.php, line 1671]
2009-09-24 22:50:55 Warning: Warning (2): array_values() [<a href='http://php.net/function.array-values'>function.array-values</a>]: The argument should be an array in [CORE/cake/libs/model/datasources/dbo_source.php, line 1671]
2009-09-24 22:50:55 Warning: Warning (2): array_unique() [<a href='http://php.net/function.array-unique'>function.array-unique</a>]: The argument should be an array in [CORE/cake/libs/model/datasources/dbo_source.php, line 1731]
2009-09-24 22:50:55 Warning: Warning (2): array_merge() [<a href='http://php.net/function.array-merge'>function.array-merge</a>]: Argument #2 is not an array in [CORE/cake/libs/model/datasources/dbo_source.php, line 1118]
2009-09-24 22:50:55 Warning: Warning (2): Invalid argument supplied for foreach() in [APP/views/users/index.ctp, line 22]
2009-12-02 23:23:47 Warning: Warning (512): <span style = "color:Red;text-align:left"><b>SQL Error:</b> 1054: Unknown column 'type' in 'where clause'</span> in [CORE/cake/libs/model/datasources/dbo_source.php, line 525]
2009-12-02 23:24:00 Warning: Warning (512): <span style = "color:Red;text-align:left"><b>SQL Error:</b> 1054: Unknown column 'type' in 'where clause'</span> in [CORE/cake/libs/model/datasources/dbo_source.php, line 525]
2009-12-02 23:26:58 Warning: Warning (512): <span style = "color:Red;text-align:left"><b>SQL Error:</b> 1054: Unknown column 'type' in 'where clause'</span> in [CORE/cake/libs/model/datasources/dbo_source.php, line 525]
2009-12-02 23:26:58 Warning: Warning (2): Invalid argument supplied for foreach() in [APP/views/sections/index.ctp, line 19]
2009-12-02 23:26:58 Warning: Warning (512): <span style = "color:Red;text-align:left"><b>SQL Error:</b> 1054: Unknown column 'type' in 'where clause'</span> in [CORE/cake/libs/model/datasources/dbo_source.php, line 525]
2009-12-02 23:26:58 Warning: Warning (2): Invalid argument supplied for foreach() in [APP/views/sections/index.ctp, line 19]
2009-12-02 23:28:35 Warning: Warning (512): <span style = "color:Red;text-align:left"><b>SQL Error:</b> 1054: Unknown column 'Section.position' in 'order clause'</span> in [CORE/cake/libs/model/datasources/dbo_source.php, line 525]
2009-12-02 23:28:35 Warning: Warning (2): Invalid argument supplied for foreach() in [APP/views/sections/index.ctp, line 19]
2009-12-02 23:28:39 Warning: Warning (512): <span style = "color:Red;text-align:left"><b>SQL Error:</b> 1054: Unknown column 'Section.position' in 'order clause'</span> in [CORE/cake/libs/model/datasources/dbo_source.php, line 525]
2009-12-02 23:28:39 Warning: Warning (2): Invalid argument supplied for foreach() in [APP/views/sections/index.ctp, line 19]
2009-12-02 23:39:01 Warning: Warning (512): <span style = "color:Red;text-align:left"><b>SQL Error:</b> 1054: Unknown column 'type' in 'where clause'</span> in [CORE/cake/libs/model/datasources/dbo_source.php, line 525]
2009-12-02 23:39:03 Warning: Warning (512): <span style = "color:Red;text-align:left"><b>SQL Error:</b> 1054: Unknown column 'type' in 'where clause'</span> in [CORE/cake/libs/model/datasources/dbo_source.php, line 525]
2009-12-02 23:40:21 Warning: Warning (512): <span style = "color:Red;text-align:left"><b>SQL Error:</b> 1054: Unknown column 'type' in 'where clause'</span> in [CORE/cake/libs/model/datasources/dbo_source.php, line 525]
2009-12-02 23:44:11 Warning: Warning (512): <span style = "color:Red;text-align:left"><b>SQL Error:</b> 1054: Unknown column 'type' in 'where clause'</span> in [CORE/cake/libs/model/datasources/dbo_source.php, line 525]
2009-12-02 23:44:13 Warning: Warning (512): <span style = "color:Red;text-align:left"><b>SQL Error:</b> 1054: Unknown column 'type' in 'where clause'</span> in [CORE/cake/libs/model/datasources/dbo_source.php, line 525]
2009-12-03 22:26:47 Warning: Warning (2): unlink(/hermes/bosweb/web037/b374/ipw.ncaieorg/public_html/members/app/tmp/cache/persistent/cake_core_file_map) [<a href='http://php.net/function.unlink'>function.unlink</a>]: No such file or directory in [CORE/cake/libs/file.php, line 292]
]
2009-12-03 22:26:46 Warning: Warning (2): unlink(/hermes/bosweb/web037/b374/ipw.ncaieorg/public_html/members/app/tmp/cache/persistent/cake_core_default_en_us) [<a href='http://php.net/function.unlink'>function.unlink</a>]: No such file or directory in [CORE/cake/libs/file.php, line 292]
2009-12-03 22:31:49 Warning: Warning (2): fopen(/hermes/bosweb/web037/b374/ipw.ncaieorg/public_html/members/app/tmp/cache/persistent/cake_core_file_map) [<a href='http://php.net/function.fopen'>function.fopen</a>]: failed to open stream: No such file or directory in [CORE/cake/libs/file.php, line 156]
2009-12-03 22:31:49 Warning: Warning (2): unlink(/hermes/bosweb/web037/b374/ipw.ncaieorg/public_html/members/app/tmp/cache/persistent/cake_core_core_paths) [<a href='http://php.net/function.unlink'>function.unlink</a>]: No such file or directory in [CORE/cake/libs/file.php, line 292]
2009-12-03 22:56:40 Warning: Warning (2): fopen(/hermes/bosweb/web037/b374/ipw.ncaieorg/public_html/members/app/tmp/cache/persistent/cake_core_dir_map) [<a href='http://php.net/function.fopen'>function.fopen</a>]: failed to open stream: No such file or directory in [CORE/cake/libs/file.php, line 156]
2009-12-03 22:56:43 Warning: Warning (2): unlink(/hermes/bosweb/web037/b374/ipw.ncaieorg/public_html/members/app/tmp/cache/persistent/cake_core_default_en_us) [<a href='http://php.net/function.unlink'>function.unlink</a>]: No such file or directory in [CORE/cake/libs/file.php, line 292]
2009-12-03 22:57:02 Warning: Warning (2): fopen(/hermes/bosweb/web037/b374/ipw.ncaieorg/public_html/members/app/tmp/cache/persistent/cake_core_core_paths) [<a href='http://php.net/function.fopen'>function.fopen</a>]: failed to open stream: Stale NFS file handle in [CORE/cake/libs/file.php, line 156]
2009-12-03 22:58:57 Warning: Warning (2): fopen(/hermes/bosweb/web037/b374/ipw.ncaieorg/public_html/members/app/tmp/cache/persistent/cake_core_dir_map) [<a href='http://php.net/function.fopen'>function.fopen</a>]: failed to open stream: No such file or directory in [CORE/cake/libs/file.php, line 156]
2009-12-03 23:00:12 Warning: Warning (2): unlink(/hermes/bosweb/web037/b374/ipw.ncaieorg/public_html/members/app/tmp/cache/models/cake_model_default_groups) [<a href='http://php.net/function.unlink'>function.unlink</a>]: No such file or directory in [CORE/cake/libs/file.php, line 292]
2009-12-03 23:00:12 Warning: Warning (2): unlink(/hermes/bosweb/web037/b374/ipw.ncaieorg/public_html/members/app/tmp/cache/models/cake_model_default_aros_acos) [<a href='http://php.net/function.unlink'>function.unlink</a>]: No such file or directory in [CORE/cake/libs/file.php, line 292]
2009-12-03 23:00:12 Warning: Warning (2): unlink(/hermes/bosweb/web037/b374/ipw.ncaieorg/public_html/members/app/tmp/cache/models/cake_model_default_dropdowns) [<a href='http://php.net/function.unlink'>function.unlink</a>]: No such file or directory in [CORE/cake/libs/file.php, line 292]
2009-12-03 23:00:12 Warning: Warning (2): unlink(/hermes/bosweb/web037/b374/ipw.ncaieorg/public_html/members/app/tmp/cache/models/cake_model_default_sections_users) [<a href='http://php.net/function.unlink'>function.unlink</a>]: No such file or directory in [CORE/cake/libs/file.php, line 292]
2009-12-03 23:00:20 Warning: Warning (2): unlink(/hermes/bosweb/web037/b374/ipw.ncaieorg/public_html/members/app/tmp/cache/persistent/cake_core_dir_map) [<a href='http://php.net/function.unlink'>function.unlink</a>]: No such file or directory in [CORE/cake/libs/file.php, line 292]
2009-12-03 23:03:02 Warning: Warning (2): unlink(/hermes/bosweb/web037/b374/ipw.ncaieorg/public_html/members/app/tmp/cache/models/cake_model_default_dropdowns) [<a href='http://php.net/function.unlink'>function.unlink</a>]: No such file or directory in [CORE/cake/libs/file.php, line 292]
2009-12-03 23:03:03 Warning: Warning (2): fopen(/hermes/bosweb/web037/b374/ipw.ncaieorg/public_html/members/app/tmp/cache/persistent/cake_core_core_paths) [<a href='http://php.net/function.fopen'>function.fopen</a>]: failed to open stream: No such file or directory in [CORE/cake/libs/file.php, line 156]
2009-12-03 23:41:42 Warning: Warning (2): unlink(/hermes/bosweb/web037/b374/ipw.ncaieorg/public_html/members/app/tmp/cache/persistent/cake_core_file_map) [<a href='http://php.net/function.unlink'>function.unlink</a>]: No such file or directory in [CORE/cake/libs/file.php, line 292]
2009-12-03 23:57:57 Warning: Warning (2): unlink(/hermes/bosweb/web037/b374/ipw.ncaieorg/public_html/members/app/tmp/cache/persistent/cake_core_file_map) [<a href='http://php.net/function.unlink'>function.unlink</a>]: No such file or directory in [CORE/cake/libs/file.php, line 292]
2009-12-03 23:58:00 Warning: Warning (2): unlink(/hermes/bosweb/web037/b374/ipw.ncaieorg/public_html/members/app/tmp/cache/persistent/cake_core_default_en_us) [<a href='http://php.net/function.unlink'>function.unlink</a>]: No such file or directory in [CORE/cake/libs/file.php, line 292]
2009-12-04 00:23:26 Warning: Warning (2): fopen(/hermes/bosweb/web037/b374/ipw.ncaieorg/public_html/members/app/tmp/cache/persistent/cake_core_default_en_us) [<a href='http://php.net/function.fopen'>function.fopen</a>]: failed to open stream: No such file or directory in [CORE/cake/libs/file.php, line 156]
2009-12-04 01:02:38 Warning: Warning (2): unlink(/hermes/bosweb/web037/b374/ipw.ncaieorg/public_html/members/app/tmp/cache/persistent/cake_core_dir_map) [<a href='http://php.net/function.unlink'>function.unlink</a>]: No such file or directory in [CORE/cake/libs/file.php, line 292]
2009-12-04 01:02:39 Warning: Warning (2): unlink(/hermes/bosweb/web037/b374/ipw.ncaieorg/public_html/members/app/tmp/cache/persistent/cake_core_default_en_us) [<a href='http://php.net/function.unlink'>function.unlink</a>]: No such file or directory in [CORE/cake/libs/file.php, line 292]
2009-12-04 02:02:46 Warning: Warning (2): unlink(/hermes/bosweb/web037/b374/ipw.ncaieorg/public_html/members/app/tmp/cache/persistent/cake_core_core_paths) [<a href='http://php.net/function.unlink'>function.unlink</a>]: No such file or directory in [CORE/cake/libs/file.php, line 292]
2009-12-06 22:55:25 Warning: Warning (2): unlink(/hermes/bosweb/web037/b374/ipw.ncaieorg/public_html/members/app/tmp/cache/persistent/cake_core_core_paths) [<a href='http://php.net/function.unlink'>function.unlink</a>]: No such file or directory in [CORE/cake/libs/file.php, line 292]
2009-12-06 23:04:57 Warning: Warning (2): unlink(/hermes/bosweb/web037/b374/ipw.ncaieorg/public_html/members/app/tmp/cache/persistent/cake_core_default_en_us) [<a href='http://php.net/function.unlink'>function.unlink</a>]: No such file or directory in [CORE/cake/libs/file.php, line 292]
2009-12-07 20:55:55 Warning: Warning (2): fopen(/hermes/bosweb/web037/b374/ipw.ncaieorg/public_html/members/app/tmp/cache/persistent/cake_core_default_en_us) [<a href='http://php.net/function.fopen'>function.fopen</a>]: failed to open stream: Stale NFS file handle in [CORE/cake/libs/file.php, line 156]
2009-12-07 20:55:55 Warning: Warning (2): fopen(/hermes/bosweb/web037/b374/ipw.ncaieorg/public_html/members/app/tmp/cache/persistent/cake_core_core_paths) [<a href='http://php.net/function.fopen'>function.fopen</a>]: failed to open stream: No such file or directory in [CORE/cake/libs/file.php, line 156]
2009-12-07 22:22:50 Warning: Warning (2): fopen(/hermes/bosweb/web037/b374/ipw.ncaieorg/public_html/members/app/tmp/cache/persistent/cake_core_file_map) [<a href='http://php.net/function.fopen'>function.fopen</a>]: failed to open stream: Stale NFS file handle in [CORE/cake/libs/file.php, line 156]
2009-12-07 22:24:02 Warning: Warning (2): fopen(/hermes/bosweb/web037/b374/ipw.ncaieorg/public_html/members/app/tmp/cache/persistent/cake_core_default_en_us) [<a href='http://php.net/function.fopen'>function.fopen</a>]: failed to open stream: No such file or directory in [CORE/cake/libs/file.php, line 156]
2009-12-07 22:24:02 Warning: Warning (2): fopen(/hermes/bosweb/web037/b374/ipw.ncaieorg/public_html/members/app/tmp/cache/persistent/cake_core_core_paths) [<a href='http://php.net/function.fopen'>function.fopen</a>]: failed to open stream: No such file or directory in [CORE/cake/libs/file.php, line 156]
2009-12-07 22:49:10 Warning: Warning (2): Invalid argument supplied for foreach() in [APP/views/expertises/search.ctp, line 18]
2009-12-07 22:49:11 Warning: Warning (2): Invalid argument supplied for foreach() in [APP/views/expertises/search.ctp, line 18]
2009-12-07 22:50:04 Warning: Warning (2): fopen(/hermes/bosweb/web037/b374/ipw.ncaieorg/public_html/members/app/tmp/cache/models/cake_model_default_areas) [<a href='http://php.net/function.fopen'>function.fopen</a>]: failed to open stream: Stale NFS file handle in [CORE/cake/libs/file.php, line 156]
2009-12-07 22:50:04 Warning: Warning (2): fopen(/hermes/bosweb/web037/b374/ipw.ncaieorg/public_html/members/app/tmp/cache/models/cake_model_default_users) [<a href='http://php.net/function.fopen'>function.fopen</a>]: failed to open stream: Stale NFS file handle in [CORE/cake/libs/file.php, line 156]
2009-12-07 22:50:04 Warning: Warning (2): fopen(/hermes/bosweb/web037/b374/ipw.ncaieorg/public_html/members/app/tmp/cache/models/cake_model_default_groups) [<a href='http://php.net/function.fopen'>function.fopen</a>]: failed to open stream: No such file or directory in [CORE/cake/libs/file.php, line 156]
2009-12-07 22:50:04 Warning: Warning (2): unlink(/hermes/bosweb/web037/b374/ipw.ncaieorg/public_html/members/app/tmp/cache/models/cake_model_default_acos) [<a href='http://php.net/function.unlink'>function.unlink</a>]: No such file or directory in [CORE/cake/libs/file.php, line 292]
2009-12-07 22:50:05 Warning: Warning (2): fopen(/hermes/bosweb/web037/b374/ipw.ncaieorg/public_html/members/app/tmp/cache/models/cake_model_default_dropdowns) [<a href='http://php.net/function.fopen'>function.fopen</a>]: failed to open stream: Stale NFS file handle in [CORE/cake/libs/file.php, line 156]
2009-12-07 22:50:05 Warning: Warning (2): fopen(/hermes/bosweb/web037/b374/ipw.ncaieorg/public_html/members/app/tmp/cache/models/cake_model_default_sections) [<a href='http://php.net/function.fopen'>function.fopen</a>]: failed to open stream: Stale NFS file handle in [CORE/cake/libs/file.php, line 156]
2009-12-07 22:50:05 Warning: Warning (2): fopen(/hermes/bosweb/web037/b374/ipw.ncaieorg/public_html/members/app/tmp/cache/models/cake_model_default_sections_users) [<a href='http://php.net/function.fopen'>function.fopen</a>]: failed to open stream: Stale NFS file handle in [CORE/cake/libs/file.php, line 156]
2009-12-07 23:11:03 Warning: Warning (2): unlink(/hermes/bosweb/web037/b374/ipw.ncaieorg/public_html/members/app/tmp/cache/persistent/cake_core_core_paths) [<a href='http://php.net/function.unlink'>function.unlink</a>]: No such file or directory in [CORE/cake/libs/file.php, line 292]
2009-12-07 23:11:03 Warning: Warning (2): unlink(/hermes/bosweb/web037/b374/ipw.ncaieorg/public_html/members/app/tmp/cache/persistent/cake_core_default_en_us) [<a href='http://php.net/function.unlink'>function.unlink</a>]: No such file or directory in [CORE/cake/libs/file.php, line 292]
2009-12-07 23:18:44 Warning: Warning (2): fopen(/hermes/bosweb/web037/b374/ipw.ncaieorg/public_html/members/app/tmp/cache/persistent/cake_core_dir_map) [<a href='http://php.net/function.fopen'>function.fopen</a>]: failed to open stream: Stale NFS file handle in [CORE/cake/libs/file.php, line 156]
2009-12-07 23:18:47 Warning: Warning (2): fopen(/hermes/bosweb/web037/b374/ipw.ncaieorg/public_html/members/app/tmp/cache/persistent/cake_core_core_paths) [<a href='http://php.net/function.fopen'>function.fopen</a>]: failed to open stream: No such file or directory in [CORE/cake/libs/file.php, line 156]
2009-12-07 23:18:59 Warning: Warning (2): fopen(/hermes/bosweb/web037/b374/ipw.ncaieorg/public_html/members/app/tmp/cache/persistent/cake_core_file_map) [<a href='http://php.net/function.fopen'>function.fopen</a>]: failed to open stream: No such file or directory in [CORE/cake/libs/file.php, line 156]
2009-12-07 23:19:49 Warning: Warning (2): unlink(/hermes/bosweb/web037/b374/ipw.ncaieorg/public_html/members/app/tmp/cache/persistent/cake_core_default_en_us) [<a href='http://php.net/function.unlink'>function.unlink</a>]: No such file or directory in [CORE/cake/libs/file.php, line 292]
2009-12-07 23:28:42 Warning: Warning (2): unlink(/hermes/bosweb/web037/b374/ipw.ncaieorg/public_html/members/app/tmp/cache/persistent/cake_core_file_map) [<a href='http://php.net/function.unlink'>function.unlink</a>]: No such file or directory in [CORE/cake/libs/file.php, line 292]
2009-12-07 23:28:49 Warning: Warning (2): unlink(/hermes/bosweb/web037/b374/ipw.ncaieorg/public_html/members/app/tmp/cache/persistent/cake_core_core_paths) [<a href='http://php.net/function.unlink'>function.unlink</a>]: No such file or directory in [CORE/cake/libs/file.php, line 292]
2009-12-07 23:28:49 Warning: Warning (2): unlink(/hermes/bosweb/web037/b374/ipw.ncaieorg/public_html/members/app/tmp/cache/persistent/cake_core_default_en_us) [<a href='http://php.net/function.unlink'>function.unlink</a>]: No such file or directory in [CORE/cake/libs/file.php, line 292]
2009-12-07 23:32:38 Warning: Warning (2): fopen(/hermes/bosweb/web037/b374/ipw.ncaieorg/public_html/members/app/tmp/cache/persistent/cake_core_file_map) [<a href='http://php.net/function.fopen'>function.fopen</a>]: failed to open stream: No such file or directory in [CORE/cake/libs/file.php, line 156]
2009-12-07 23:41:44 Warning: Warning (2): unlink(/hermes/bosweb/web037/b374/ipw.ncaieorg/public_html/members/app/tmp/cache/persistent/cake_core_file_map) [<a href='http://php.net/function.unlink'>function.unlink</a>]: No such file or directory in [CORE/cake/libs/file.php, line 292]
2009-12-07 23:41:46 Warning: Warning (2): unlink(/hermes/bosweb/web037/b374/ipw.ncaieorg/public_html/members/app/tmp/cache/persistent/cake_core_default_en_us) [<a href='http://php.net/function.unlink'>function.unlink</a>]: No such file or directory in [CORE/cake/libs/file.php, line 292]
2009-12-08 20:46:39 Warning: Warning (512): <span style = "color:Red;text-align:left"><b>SQL Error:</b> 1054: Unknown column 'Expertise.title' in 'order clause'</span> in [CORE/cake/libs/model/datasources/dbo_source.php, line 525]
2009-12-08 20:46:39 Warning: Warning (2): Invalid argument supplied for foreach() in [APP/views/expertises/index.ctp, line 17]
2009-12-08 20:46:41 Warning: Warning (512): <span style = "color:Red;text-align:left"><b>SQL Error:</b> 1054: Unknown column 'Expertise.title' in 'order clause'</span> in [CORE/cake/libs/model/datasources/dbo_source.php, line 525]
2009-12-08 20:46:41 Warning: Warning (2): Invalid argument supplied for foreach() in [APP/views/expertises/index.ctp, line 17]
2009-12-08 21:15:31 Warning: Warning (2): fopen(/hermes/bosweb/web037/b374/ipw.ncaieorg/public_html/members/app/tmp/cache/persistent/cake_core_dir_map) [<a href='http://php.net/function.fopen'>function.fopen</a>]: failed to open stream: No such file or directory in [CORE/cake/libs/file.php, line 156]
2009-12-08 21:18:02 Warning: Warning (2): Invalid argument supplied for foreach() in [APP/views/ncaies/index.ctp, line 18]
2009-12-08 23:13:01 Warning: Warning (2): fopen(/hermes/bosweb/web037/b374/ipw.ncaieorg/public_html/members/app/tmp/cache/models/cake_model_default_lccm_list) [<a href='http://php.net/function.fopen'>function.fopen</a>]: failed to open stream: No such file or directory in [CORE/cake/libs/file.php, line 156]
2009-12-08 23:13:04 Warning: Warning (2): fopen(/hermes/bosweb/web037/b374/ipw.ncaieorg/public_html/members/app/tmp/cache/persistent/cake_core_core_paths) [<a href='http://php.net/function.fopen'>function.fopen</a>]: failed to open stream: No such file or directory in [CORE/cake/libs/file.php, line 156]
2009-12-09 00:01:02 Warning: Warning (2): unlink(/hermes/bosweb/web037/b374/ipw.ncaieorg/public_html/members/app/tmp/cache/persistent/cake_core_file_map) [<a href='http://php.net/function.unlink'>function.unlink</a>]: No such file or directory in [CORE/cake/libs/file.php, line 292]
2009-12-09 23:55:55 Warning: Warning (2): unlink(/hermes/bosweb/web037/b374/ipw.ncaieorg/public_html/members/app/tmp/cache/persistent/cake_core_dir_map) [<a href='http://php.net/function.unlink'>function.unlink</a>]: No such file or directory in [CORE/cake/libs/file.php, line 292]
2009-12-10 00:43:15 Warning: Warning (2): Invalid argument supplied for foreach() in [APP/views/users/index.ctp, line 26]
2009-12-12 22:51:08 Warning: Warning (2): Invalid argument supplied for foreach() in [APP/views/users/index.ctp, line 26]
2009-12-12 22:51:08 Warning: Warning (2): fopen(/hermes/bosweb/web037/b374/ipw.ncaieorg/public_html/members/app/tmp/cache/persistent/cake_core_dir_map) [<a href='http://php.net/function.fopen'>function.fopen</a>]: failed to open stream: No such file or directory in [CORE/cake/libs/file.php, line 156]
2009-12-12 22:52:11 Warning: Warning (2): unlink(/hermes/bosweb/web037/b374/ipw.ncaieorg/public_html/members/app/tmp/cache/persistent/cake_core_file_map) [<a href='http://php.net/function.unlink'>function.unlink</a>]: No such file or directory in [CORE/cake/libs/file.php, line 292]
2009-12-12 22:53:42 Warning: Warning (512): <span style = "color:Red;text-align:left"><b>SQL Error:</b> 1054: Unknown column 'Profile.user_id' in 'on clause'</span> in [CORE/cake/libs/model/datasources/dbo_source.php, line 525]
2009-12-12 22:53:44 Warning: Warning (512): <span style = "color:Red;text-align:left"><b>SQL Error:</b> 1054: Unknown column 'Profile.user_id' in 'on clause'</span> in [CORE/cake/libs/model/datasources/dbo_source.php, line 525]
2009-12-12 23:27:47 Warning: Warning (2): unlink(/hermes/bosweb/web037/b374/ipw.ncaieorg/public_html/members/app/tmp/cache/persistent/cake_core_file_map) [<a href='http://php.net/function.unlink'>function.unlink</a>]: No such file or directory in [CORE/cake/libs/file.php, line 292]
2009-12-12 23:57:19 Warning: Warning (2): fopen(/hermes/bosweb/web037/b374/ipw.ncaieorg/public_html/members/app/tmp/cache/persistent/cake_core_dir_map) [<a href='http://php.net/function.fopen'>function.fopen</a>]: failed to open stream: No such file or directory in [CORE/cake/libs/file.php, line 156]
2009-12-12 23:57:24 Warning: Warning (2): fopen(/hermes/bosweb/web037/b374/ipw.ncaieorg/public_html/members/app/tmp/cache/persistent/cake_core_core_paths) [<a href='http://php.net/function.fopen'>function.fopen</a>]: failed to open stream: No such file or directory in [CORE/cake/libs/file.php, line 156]
2009-12-12 23:59:21 Warning: Warning (2): fopen(/hermes/bosweb/web037/b374/ipw.ncaieorg/public_html/members/app/tmp/cache/persistent/cake_core_core_paths) [<a href='http://php.net/function.fopen'>function.fopen</a>]: failed to open stream: No such file or directory in [CORE/cake/libs/file.php, line 156]
2009-12-12 23:59:19 Warning: Warning (2): fopen(/hermes/bosweb/web037/b374/ipw.ncaieorg/public_html/members/app/tmp/cache/persistent/cake_core_core_paths) [<a href='http://php.net/function.fopen'>function.fopen</a>]: failed to open stream: Stale NFS file handle in [CORE/cake/libs/file.php, line 156]
2009-12-13 00:01:43 Warning: Warning (2): fopen(/hermes/bosweb/web037/b374/ipw.ncaieorg/public_html/members/app/tmp/cache/persistent/cake_core_core_paths) [<a href='http://php.net/function.fopen'>function.fopen</a>]: failed to open stream: Stale NFS file handle in [CORE/cake/libs/file.php, line 156]
2009-12-13 00:01:43 Warning: Warning (2): fopen(/hermes/bosweb/web037/b374/ipw.ncaieorg/public_html/members/app/tmp/cache/persistent/cake_core_core_paths) [<a href='http://php.net/function.fopen'>function.fopen</a>]: failed to open stream: No such file or directory in [CORE/cake/libs/file.php, line 156]
2009-12-13 00:05:54 Warning: Warning (2): Cannot modify header information - headers already sent by (output started at /hermes/bosweb/web037/b374/ipw.ncaieorg/public_html/members/cake/basics.php:111) in [CORE/cake/libs/controller/controller.php, line 640]
2009-12-13 00:20:12 Warning: Warning (512): <span style = "color:Red;text-align:left"><b>SQL Error:</b> 1054: Unknown column 'User.position_id' in 'on clause'</span> in [CORE/cake/libs/model/datasources/dbo_source.php, line 525]
2009-12-13 00:20:13 Warning: Warning (512): <span style = "color:Red;text-align:left"><b>SQL Error:</b> 1054: Unknown column 'User.position_id' in 'on clause'</span> in [CORE/cake/libs/model/datasources/dbo_source.php, line 525]
2009-12-13 00:25:55 Warning: Warning (512): <span style = "color:Red;text-align:left"><b>SQL Error:</b> 1054: Unknown column 'User.position_id' in 'on clause'</span> in [CORE/cake/libs/model/datasources/dbo_source.php, line 525]
2009-12-13 01:13:03 Warning: Warning (2): unlink(/hermes/bosweb/web037/b374/ipw.ncaieorg/public_html/members/app/tmp/cache/models/cake_model_default_acos) [<a href='http://php.net/function.unlink'>function.unlink</a>]: No such file or directory in [CORE/cake/libs/file.php, line 292]
2009-12-13 01:13:03 Warning: Warning (2): fopen(/hermes/bosweb/web037/b374/ipw.ncaieorg/public_html/members/app/tmp/cache/models/cake_model_default_dropdowns) [<a href='http://php.net/function.fopen'>function.fopen</a>]: failed to open stream: Stale NFS file handle in [CORE/cake/libs/file.php, line 156]
2009-12-13 01:13:03 Warning: Warning (2): fopen(/hermes/bosweb/web037/b374/ipw.ncaieorg/public_html/members/app/tmp/cache/models/cake_model_default_sections_users) [<a href='http://php.net/function.fopen'>function.fopen</a>]: failed to open stream: Stale NFS file handle in [CORE/cake/libs/file.php, line 156]
2009-12-13 01:13:03 Warning: Warning (2): unlink(/hermes/bosweb/web037/b374/ipw.ncaieorg/public_html/members/app/tmp/cache/models/cake_model_default_areas_profiles) [<a href='http://php.net/function.unlink'>function.unlink</a>]: No such file or directory in [CORE/cake/libs/file.php, line 292]
2009-12-13 15:02:59 Warning: Warning (512): <span style = "color:Red;text-align:left"><b>SQL Error:</b> 1054: Unknown column 'User.position_id' in 'on clause'</span> in [CORE/cake/libs/model/datasources/dbo_source.php, line 525]
2009-12-13 15:03:05 Warning: Warning (512): <span style = "color:Red;text-align:left"><b>SQL Error:</b> 1054: Unknown column 'User.position_id' in 'on clause'</span> in [CORE/cake/libs/model/datasources/dbo_source.php, line 525]
2009-12-13 15:05:01 Warning: Warning (512): <span style = "color:Red;text-align:left"><b>SQL Error:</b> 1054: Unknown column 'User.position_id' in 'on clause'</span> in [CORE/cake/libs/model/datasources/dbo_source.php, line 525]
2009-12-13 15:17:55 Warning: Warning (2): fopen(/hermes/bosweb/web037/b374/ipw.ncaieorg/public_html/members/app/tmp/cache/persistent/cake_core_dir_map) [<a href='http://php.net/function.fopen'>function.fopen</a>]: failed to open stream: No such file or directory in [CORE/cake/libs/file.php, line 156]
2009-12-13 15:29:02 Warning: Warning (2): unlink(/hermes/bosweb/web037/b374/ipw.ncaieorg/public_html/members/app/tmp/cache/persistent/cake_core_core_paths) [<a href='http://php.net/function.unlink'>function.unlink</a>]: No such file or directory in [CORE/cake/libs/file.php, line 292]
2009-12-13 15:29:05 Warning: Warning (2): unlink(/hermes/bosweb/web037/b374/ipw.ncaieorg/public_html/members/app/tmp/cache/persistent/cake_core_default_en_us) [<a href='http://php.net/function.unlink'>function.unlink</a>]: No such file or directory in [CORE/cake/libs/file.php, line 292]
2009-12-13 15:35:09 Warning: Warning (2): fopen(/hermes/bosweb/web037/b374/ipw.ncaieorg/public_html/members/app/tmp/cache/persistent/cake_core_file_map) [<a href='http://php.net/function.fopen'>function.fopen</a>]: failed to open stream: No such file or directory in [CORE/cake/libs/file.php, line 156]
2009-12-13 16:00:40 Warning: Warning (2): unlink(/hermes/bosweb/web037/b374/ipw.ncaieorg/public_html/members/app/tmp/cache/persistent/cake_core_file_map) [<a href='http://php.net/function.unlink'>function.unlink</a>]: No such file or directory in [CORE/cake/libs/file.php, line 292]
2009-12-13 16:00:56 Warning: Warning (2): unlink(/hermes/bosweb/web037/b374/ipw.ncaieorg/public_html/members/app/tmp/cache/persistent/cake_core_dir_map) [<a href='http://php.net/function.unlink'>function.unlink</a>]: No such file or directory in [CORE/cake/libs/file.php, line 292]
2009-12-13 18:16:23 Warning: Warning (2): unlink(/hermes/bosweb/web037/b374/ipw.ncaieorg/public_html/members/app/tmp/cache/persistent/cake_core_file_map) [<a href='http://php.net/function.unlink'>function.unlink</a>]: No such file or directory in [CORE/cake/libs/file.php, line 292]
2009-12-13 20:33:14 Warning: Warning (512): <span style = "color:Red;text-align:left"><b>SQL Error:</b> 1054: Unknown column 'User.position_id' in 'on clause'</span> in [CORE/cake/libs/model/datasources/dbo_source.php, line 525]
2009-12-13 20:33:14 Warning: Warning (2): Invalid argument supplied for foreach() in [APP/views/users/index.ctp, line 26]
2009-12-13 20:35:23 Warning: Warning (512): <span style = "color:Red;text-align:left"><b>SQL Error:</b> 1054: Unknown column 'User.position_id' in 'on clause'</span> in [CORE/cake/libs/model/datasources/dbo_source.php, line 525]
2009-12-13 20:35:23 Warning: Warning (2): Invalid argument supplied for foreach() in [APP/views/users/index.ctp, line 22]
2009-12-13 20:42:15 Warning: Warning (512): <span style = "color:Red;text-align:left"><b>SQL Error:</b> 1054: Unknown column 'User.position_id' in 'on clause'</span> in [CORE/cake/libs/model/datasources/dbo_source.php, line 525]
2009-12-13 20:42:15 Warning: Warning (2): Invalid argument supplied for foreach() in [APP/views/users/index.ctp, line 34]
2009-12-13 20:42:22 Warning: Warning (512): <span style = "color:Red;text-align:left"><b>SQL Error:</b> 1054: Unknown column 'User.position_id' in 'on clause'</span> in [CORE/cake/libs/model/datasources/dbo_source.php, line 525]
2009-12-13 20:42:22 Warning: Warning (2): Invalid argument supplied for foreach() in [APP/views/users/index.ctp, line 34]
2009-12-13 20:43:34 Warning: Warning (512): <span style = "color:Red;text-align:left"><b>SQL Error:</b> 1054: Unknown column 'User.position_id' in 'on clause'</span> in [CORE/cake/libs/model/datasources/dbo_source.php, line 525]
2009-12-13 20:43:34 Warning: Warning (2): Invalid argument supplied for foreach() in [APP/views/users/index.ctp, line 34]
2009-12-13 20:50:26 Warning: Warning (2): unlink(/hermes/bosweb/web037/b374/ipw.ncaieorg/public_html/members/app/tmp/cache/persistent/cake_core_default_en_us) [<a href='http://php.net/function.unlink'>function.unlink</a>]: No such file or directory in [CORE/cake/libs/file.php, line 292]
2009-12-13 21:02:47 Warning: Warning (512): Profiles::isAuthorized() is not defined. in [CORE/cake/libs/controller/controller.php, line 703]
2009-12-13 21:02:47 Warning: Warning (2): Cannot modify header information - headers already sent by (output started at /hermes/bosweb/web037/b374/ipw.ncaieorg/public_html/members/cake/basics.php:111) in [CORE/cake/libs/controller/controller.php, line 640]
2009-12-13 21:03:41 Warning: Warning (512): Profiles::isAuthorized() is not defined. in [CORE/cake/libs/controller/controller.php, line 703]
2009-12-13 21:03:41 Warning: Warning (2): Cannot modify header information - headers already sent by (output started at /hermes/bosweb/web037/b374/ipw.ncaieorg/public_html/members/cake/basics.php:111) in [CORE/cake/libs/controller/controller.php, line 640]
2009-12-13 21:47:50 Warning: Warning (2): mysql_connect() [<a href='http://php.net/function.mysql-connect'>function.mysql-connect</a>]: Access denied for user 'lccm'@'boscgi0201.eigbox.net' (using password: YES) in [CORE/cake/libs/model/datasources/dbo/dbo_mysql.php, line 374]
2009-12-13 21:47:50 Warning: Warning (2): mysql_select_db(): supplied argument is not a valid MySQL-Link resource in [CORE/cake/libs/model/datasources/dbo/dbo_mysql.php, line 379]
2009-12-13 21:47:50 Warning: Warning (2): mysql_get_server_info(): supplied argument is not a valid MySQL-Link resource in [CORE/cake/libs/model/datasources/dbo/dbo_mysql.php, line 387]
2009-12-13 21:47:50 Warning: Warning (2): mysql_query(): supplied argument is not a valid MySQL-Link resource in [CORE/cake/libs/model/datasources/dbo/dbo_mysql.php, line 411]
2009-12-13 21:48:49 Warning: Warning (2): mysql_connect() [<a href='http://php.net/function.mysql-connect'>function.mysql-connect</a>]: Access denied for user 'lccm'@'boscgi0202.eigbox.net' (using password: YES) in [CORE/cake/libs/model/datasources/dbo/dbo_mysql.php, line 374]
2009-12-13 21:48:49 Warning: Warning (2): mysql_select_db(): supplied argument is not a valid MySQL-Link resource in [CORE/cake/libs/model/datasources/dbo/dbo_mysql.php, line 379]
2009-12-13 21:48:49 Warning: Warning (2): mysql_get_server_info(): supplied argument is not a valid MySQL-Link resource in [CORE/cake/libs/model/datasources/dbo/dbo_mysql.php, line 387]
2009-12-13 21:48:49 Warning: Warning (2): mysql_query(): supplied argument is not a valid MySQL-Link resource in [CORE/cake/libs/model/datasources/dbo/dbo_mysql.php, line 411]
2009-12-13 21:50:18 Warning: Warning (2): mysql_connect() [<a href='http://php.net/function.mysql-connect'>function.mysql-connect</a>]: Can't connect to local MySQL server through socket '/var/run/mysqld/mysqld.sock' (2) in [CORE/cake/libs/model/datasources/dbo/dbo_mysql.php, line 374]
2009-12-13 21:50:18 Warning: Warning (2): mysql_select_db(): supplied argument is not a valid MySQL-Link resource in [CORE/cake/libs/model/datasources/dbo/dbo_mysql.php, line 379]
2009-12-13 21:50:18 Warning: Warning (2): mysql_get_server_info(): supplied argument is not a valid MySQL-Link resource in [CORE/cake/libs/model/datasources/dbo/dbo_mysql.php, line 387]
2009-12-13 21:50:18 Warning: Warning (2): mysql_query(): supplied argument is not a valid MySQL-Link resource in [CORE/cake/libs/model/datasources/dbo/dbo_mysql.php, line 411]
2009-12-13 21:50:34 Warning: Warning (2): mysql_connect() [<a href='http://php.net/function.mysql-connect'>function.mysql-connect</a>]: Can't connect to local MySQL server through socket '/var/run/mysqld/mysqld.sock' (2) in [CORE/cake/libs/model/datasources/dbo/dbo_mysql.php, line 374]
2009-12-13 21:50:34 Warning: Warning (2): mysql_select_db(): supplied argument is not a valid MySQL-Link resource in [CORE/cake/libs/model/datasources/dbo/dbo_mysql.php, line 379]
2009-12-13 21:50:34 Warning: Warning (2): mysql_get_server_info(): supplied argument is not a valid MySQL-Link resource in [CORE/cake/libs/model/datasources/dbo/dbo_mysql.php, line 387]
2009-12-13 21:50:34 Warning: Warning (2): mysql_query(): supplied argument is not a valid MySQL-Link resource in [CORE/cake/libs/model/datasources/dbo/dbo_mysql.php, line 411]
2009-12-13 21:53:25 Warning: Warning (2): mysql_connect() [<a href='http://php.net/function.mysql-connect'>function.mysql-connect</a>]: Can't connect to local MySQL server through socket '/var/run/mysqld/mysqld.sock' (2) in [CORE/cake/libs/model/datasources/dbo/dbo_mysql.php, line 374]
2009-12-13 21:53:25 Warning: Warning (2): mysql_select_db(): supplied argument is not a valid MySQL-Link resource in [CORE/cake/libs/model/datasources/dbo/dbo_mysql.php, line 379]
2009-12-13 21:53:25 Warning: Warning (2): mysql_get_server_info(): supplied argument is not a valid MySQL-Link resource in [CORE/cake/libs/model/datasources/dbo/dbo_mysql.php, line 387]
2009-12-13 21:53:25 Warning: Warning (2): mysql_query(): supplied argument is not a valid MySQL-Link resource in [CORE/cake/libs/model/datasources/dbo/dbo_mysql.php, line 411]
2009-12-13 21:54:04 Warning: Warning (2): mysql_connect() [<a href='http://php.net/function.mysql-connect'>function.mysql-connect</a>]: Can't connect to local MySQL server through socket '/var/run/mysqld/mysqld.sock' (2) in [CORE/cake/libs/model/datasources/dbo/dbo_mysql.php, line 374]
2009-12-13 21:54:05 Warning: Warning (2): mysql_select_db(): supplied argument is not a valid MySQL-Link resource in [CORE/cake/libs/model/datasources/dbo/dbo_mysql.php, line 379]
2009-12-13 21:54:05 Warning: Warning (2): mysql_get_server_info(): supplied argument is not a valid MySQL-Link resource in [CORE/cake/libs/model/datasources/dbo/dbo_mysql.php, line 387]
2009-12-13 21:54:05 Warning: Warning (2): mysql_query(): supplied argument is not a valid MySQL-Link resource in [CORE/cake/libs/model/datasources/dbo/dbo_mysql.php, line 411]
2009-12-13 21:59:48 Warning: Warning (2): fopen(/hermes/bosweb/web037/b374/ipw.ncaieorg/public_html/members/app/tmp/cache/persistent/cake_core_file_map) [<a href='http://php.net/function.fopen'>function.fopen</a>]: failed to open stream: No such file or directory in [CORE/cake/libs/file.php, line 156]
2009-12-13 22:45:26 Warning: Warning (2): Cannot modify header information - headers already sent by (output started at /hermes/bosweb/web037/b374/ipw.ncaieorg/public_html/members/cake/basics.php:111) in [CORE/cake/libs/controller/controller.php, line 640]
2009-12-13 22:57:36 Warning: Warning (512): Controller::paginate() - can't find model 4aff0059-88c0-4554-8e44-251cdb791a31 in controller UsersController in [CORE/cake/libs/controller/controller.php, line 972]
2009-12-13 23:51:41 Warning: Warning (512): <span style = "color:Red;text-align:left"><b>SQL Error:</b> 1054: Unknown column 'Profile.user_i_d' in 'where clause'</span> in [CORE/cake/libs/model/datasources/dbo_source.php, line 525]
2009-12-14 23:23:23 Warning: Warning (2): fopen(/hermes/bosweb/web037/b374/ipw.ncaieorg/public_html/members/app/tmp/cache/persistent/cake_core_core_paths) [<a href='http://php.net/function.fopen'>function.fopen</a>]: failed to open stream: No such file or directory in [CORE/cake/libs/file.php, line 156]
2009-12-14 23:35:55 Warning: Warning (2): fopen(/hermes/bosweb/web037/b374/ipw.ncaieorg/public_html/members/app/tmp/cache/persistent/cake_core_core_paths) [<a href='http://php.net/function.fopen'>function.fopen</a>]: failed to open stream: No such file or directory in [CORE/cake/libs/file.php, line 156]
2009-12-14 23:43:31 Warning: Warning (2): fopen(/hermes/bosweb/web037/b374/ipw.ncaieorg/public_html/members/app/tmp/cache/persistent/cake_core_dir_map) [<a href='http://php.net/function.fopen'>function.fopen</a>]: failed to open stream: No such file or directory in [CORE/cake/libs/file.php, line 156]
2009-12-16 23:27:59 Warning: Warning (2): unlink(/hermes/bosweb/web037/b374/ipw.ncaieorg/public_html/members/app/tmp/cache/persistent/cake_core_core_paths) [<a href='http://php.net/function.unlink'>function.unlink</a>]: No such file or directory in [CORE/cake/libs/file.php, line 292]
2009-12-16 23:28:25 Warning: Warning (2): unlink(/hermes/bosweb/web037/b374/ipw.ncaieorg/public_html/members/app/tmp/cache/persistent/cake_core_file_map) [<a href='http://php.net/function.unlink'>function.unlink</a>]: No such file or directory in [CORE/cake/libs/file.php, line 292]
2009-12-16 23:28:26 Warning: Warning (2): unlink(/hermes/bosweb/web037/b374/ipw.ncaieorg/public_html/members/app/tmp/cache/persistent/cake_core_default_en_us) [<a href='http://php.net/function.unlink'>function.unlink</a>]: No such file or directory in [CORE/cake/libs/file.php, line 292]
2009-12-17 00:53:27 Warning: Warning (2): fopen(/hermes/bosweb/web037/b374/ipw.ncaieorg/public_html/members/app/tmp/cache/persistent/cake_core_dir_map) [<a href='http://php.net/function.fopen'>function.fopen</a>]: failed to open stream: No such file or directory in [CORE/cake/libs/file.php, line 156]
2009-12-17 00:53:29 Warning: Warning (2): fopen(/hermes/bosweb/web037/b374/ipw.ncaieorg/public_html/members/app/tmp/cache/persistent/cake_core_core_paths) [<a href='http://php.net/function.fopen'>function.fopen</a>]: failed to open stream: No such file or directory in [CORE/cake/libs/file.php, line 156]
2009-12-17 00:55:14 Warning: Warning (2): Invalid argument supplied for foreach() in [APP/controllers/expertises_controller.php, line 37]
2009-12-17 00:55:38 Warning: Warning (2): Invalid argument supplied for foreach() in [APP/controllers/expertises_controller.php, line 37]
2009-12-17 00:56:52 Warning: Warning (2): Invalid argument supplied for foreach() in [APP/controllers/expertises_controller.php, line 37]
2009-12-17 00:57:47 Warning: Warning (2): unlink(/hermes/bosweb/web037/b374/ipw.ncaieorg/public_html/members/app/tmp/cache/persistent/cake_core_core_paths) [<a href='http://php.net/function.unlink'>function.unlink</a>]: No such file or directory in [CORE/cake/libs/file.php, line 292]
2009-12-17 01:00:11 Warning: Warning (2): Invalid argument supplied for foreach() in [APP/controllers/expertises_controller.php, line 37]
2009-12-17 01:02:28 Warning: Warning (2): Invalid argument supplied for foreach() in [APP/controllers/expertises_controller.php, line 37]
2009-12-17 01:04:13 Warning: Warning (2): Invalid argument supplied for foreach() in [APP/controllers/expertises_controller.php, line 37]
2009-12-17 01:07:28 Warning: Warning (2): Invalid argument supplied for foreach() in [APP/controllers/expertises_controller.php, line 37]
2009-12-17 21:39:02 Warning: Warning (2): fopen(/hermes/bosweb/web037/b374/ipw.ncaieorg/public_html/members/app/tmp/cache/persistent/cake_core_dir_map) [<a href='http://php.net/function.fopen'>function.fopen</a>]: failed to open stream: Stale NFS file handle in [CORE/cake/libs/file.php, line 156]
2009-12-17 21:41:54 Warning: Warning (2): fopen(/hermes/bosweb/web037/b374/ipw.ncaieorg/public_html/members/app/tmp/cache/persistent/cake_core_default_en_us) [<a href='http://php.net/function.fopen'>function.fopen</a>]: failed to open stream: No such file or directory in [CORE/cake/libs/file.php, line 156]
2009-12-17 22:09:46 Warning: Warning (512): Controller::paginate() - can't find model expertise in controller ExpertisesController in [CORE/cake/libs/controller/controller.php, line 972]
2009-12-17 22:39:15 Warning: Warning (2): unlink(/hermes/bosweb/web037/b374/ipw.ncaieorg/public_html/members/app/tmp/cache/persistent/cake_core_file_map) [<a href='http://php.net/function.unlink'>function.unlink</a>]: No such file or directory in [CORE/cake/libs/file.php, line 292]
2009-12-17 22:39:26 Warning: Warning (2): fopen(/hermes/bosweb/web037/b374/ipw.ncaieorg/public_html/members/app/tmp/cache/persistent/cake_core_default_en_us) [<a href='http://php.net/function.fopen'>function.fopen</a>]: failed to open stream: No such file or directory in [CORE/cake/libs/file.php, line 156]
2009-12-17 22:40:35 Warning: Warning (2): Cannot modify header information - headers already sent by (output started at /hermes/bosweb/web037/b374/ipw.ncaieorg/public_html/members/cake/basics.php:111) in [CORE/cake/libs/controller/controller.php, line 640]
2009-12-17 22:47:13 Warning: Warning (2): Cannot modify header information - headers already sent by (output started at /hermes/bosweb/web037/b374/ipw.ncaieorg/public_html/members/cake/basics.php:111) in [CORE/cake/libs/controller/controller.php, line 640]
2009-12-17 22:47:20 Warning: Warning (2): fopen(/hermes/bosweb/web037/b374/ipw.ncaieorg/public_html/members/app/tmp/cache/persistent/cake_core_core_paths) [<a href='http://php.net/function.fopen'>function.fopen</a>]: failed to open stream: Stale NFS file handle in [CORE/cake/libs/file.php, line 156]
2009-12-17 22:49:06 Warning: Warning (2): unlink(/hermes/bosweb/web037/b374/ipw.ncaieorg/public_html/members/app/tmp/cache/persistent/cake_core_dir_map) [<a href='http://php.net/function.unlink'>function.unlink</a>]: No such file or directory in [CORE/cake/libs/file.php, line 292]
2009-12-17 22:49:07 Warning: Warning (2): unlink(/hermes/bosweb/web037/b374/ipw.ncaieorg/public_html/members/app/tmp/cache/persistent/cake_core_default_en_us) [<a href='http://php.net/function.unlink'>function.unlink</a>]: No such file or directory in [CORE/cake/libs/file.php, line 292]
2009-12-17 22:49:34 Warning: Warning (2): Cannot modify header information - headers already sent by (output started at /hermes/bosweb/web037/b374/ipw.ncaieorg/public_html/members/cake/basics.php:111) in [CORE/cake/libs/controller/controller.php, line 640]
2009-12-17 22:56:54 Warning: Warning (2): unlink(/hermes/bosweb/web037/b374/ipw.ncaieorg/public_html/members/app/tmp/cache/persistent/cake_core_dir_map) [<a href='http://php.net/function.unlink'>function.unlink</a>]: No such file or directory in [CORE/cake/libs/file.php, line 292]
2009-12-17 22:56:57 Warning: Warning (2): unlink(/hermes/bosweb/web037/b374/ipw.ncaieorg/public_html/members/app/tmp/cache/persistent/cake_core_default_en_us) [<a href='http://php.net/function.unlink'>function.unlink</a>]: No such file or directory in [CORE/cake/libs/file.php, line 292]
2009-12-17 22:57:14 Warning: Warning (2): Cannot modify header information - headers already sent by (output started at /hermes/bosweb/web037/b374/ipw.ncaieorg/public_html/members/cake/basics.php:111) in [CORE/cake/libs/controller/controller.php, line 640]
2009-12-17 22:57:42 Warning: Warning (2): Cannot modify header information - headers already sent by (output started at /hermes/bosweb/web037/b374/ipw.ncaieorg/public_html/members/cake/basics.php:111) in [CORE/cake/libs/controller/controller.php, line 640]
2009-12-17 23:00:04 Warning: Warning (2): Cannot modify header information - headers already sent by (output started at /hermes/bosweb/web037/b374/ipw.ncaieorg/public_html/members/cake/basics.php:111) in [CORE/cake/libs/controller/controller.php, line 640]
2009-12-17 23:03:27 Warning: Warning (2): fopen(/hermes/bosweb/web037/b374/ipw.ncaieorg/public_html/members/app/tmp/cache/persistent/cake_core_file_map) [<a href='http://php.net/function.fopen'>function.fopen</a>]: failed to open stream: No such file or directory in [CORE/cake/libs/file.php, line 156]
2009-12-18 14:42:29 Warning: Warning (2): unlink(/hermes/bosweb/web037/b374/ipw.ncaieorg/public_html/members/app/tmp/cache/persistent/cake_core_core_paths) [<a href='http://php.net/function.unlink'>function.unlink</a>]: No such file or directory in [CORE/cake/libs/file.php, line 292]
2009-12-18 14:52:12 Warning: Warning (2): Cannot modify header information - headers already sent by (output started at /hermes/bosweb/web037/b374/ipw.ncaieorg/public_html/members/cake/basics.php:111) in [CORE/cake/libs/controller/controller.php, line 640]
2009-12-18 14:54:35 Warning: Warning (2): Cannot modify header information - headers already sent by (output started at /hermes/bosweb/web037/b374/ipw.ncaieorg/public_html/members/cake/basics.php:111) in [CORE/cake/libs/controller/controller.php, line 640]
2009-12-18 14:57:17 Warning: Warning (2): Cannot modify header information - headers already sent by (output started at /hermes/bosweb/web037/b374/ipw.ncaieorg/public_html/members/cake/basics.php:111) in [CORE/cake/libs/controller/controller.php, line 640]
2009-12-18 15:48:09 Warning: Warning (2): fopen(/hermes/bosweb/web037/b374/ipw.ncaieorg/public_html/members/app/tmp/cache/models/cake_model_default_dropdowns) [<a href='http://php.net/function.fopen'>function.fopen</a>]: failed to open stream: No such file or directory in [CORE/cake/libs/file.php, line 156]
2009-12-18 15:48:03 Warning: Warning (2): fopen(/hermes/bosweb/web037/b374/ipw.ncaieorg/public_html/members/app/tmp/cache/persistent/cake_core_core_paths) [<a href='http://php.net/function.fopen'>function.fopen</a>]: failed to open stream: No such file or directory in [CORE/cake/libs/file.php, line 156]
2009-12-18 15:48:03 Warning: Warning (2): Cannot modify header information - headers already sent by (output started at /hermes/bosweb/web037/b374/ipw.ncaieorg/public_html/members/cake/basics.php:111) in [CORE/cake/libs/controller/controller.php, line 640]
2009-12-18 15:48:09 Warning: Warning (2): Cannot modify header information - headers already sent by (output started at /hermes/bosweb/web037/b374/ipw.ncaieorg/public_html/members/cake/basics.php:111) in [CORE/cake/libs/controller/controller.php, line 640]
2009-12-18 15:49:11 Warning: Warning (2): fopen(/hermes/bosweb/web037/b374/ipw.ncaieorg/public_html/members/app/tmp/cache/persistent/cake_core_core_paths) [<a href='http://php.net/function.fopen'>function.fopen</a>]: failed to open stream: Stale NFS file handle in [CORE/cake/libs/file.php, line 156]
2009-12-18 16:22:19 Warning: Warning (2): fopen(/hermes/bosweb/web037/b374/ipw.ncaieorg/public_html/members/app/tmp/cache/persistent/cake_core_core_paths) [<a href='http://php.net/function.fopen'>function.fopen</a>]: failed to open stream: No such file or directory in [CORE/cake/libs/file.php, line 156]
2009-12-18 16:22:19 Warning: Warning (2): fopen(/hermes/bosweb/web037/b374/ipw.ncaieorg/public_html/members/app/tmp/cache/persistent/cake_core_dir_map) [<a href='http://php.net/function.fopen'>function.fopen</a>]: failed to open stream: Stale NFS file handle in [CORE/cake/libs/file.php, line 156]
2009-12-18 16:44:50 Warning: Warning (2): fopen(/hermes/bosweb/web037/b374/ipw.ncaieorg/public_html/members/app/tmp/cache/models/cake_model_default_areas) [<a href='http://php.net/function.fopen'>function.fopen</a>]: failed to open stream: No such file or directory in [CORE/cake/libs/file.php, line 156]
2009-12-18 16:44:51 Warning: Warning (2): fopen(/hermes/bosweb/web037/b374/ipw.ncaieorg/public_html/members/app/tmp/cache/models/cake_model_default_sections) [<a href='http://php.net/function.fopen'>function.fopen</a>]: failed to open stream: No such file or directory in [CORE/cake/libs/file.php, line 156]
2009-12-18 16:44:51 Warning: Warning (2): fopen(/hermes/bosweb/web037/b374/ipw.ncaieorg/public_html/members/app/tmp/cache/models/cake_model_default_sections_users) [<a href='http://php.net/function.fopen'>function.fopen</a>]: failed to open stream: No such file or directory in [CORE/cake/libs/file.php, line 156]
2009-12-18 16:44:51 Warning: Warning (2): fopen(/hermes/bosweb/web037/b374/ipw.ncaieorg/public_html/members/app/tmp/cache/models/cake_model_default_profiles_sections) [<a href='http://php.net/function.fopen'>function.fopen</a>]: failed to open stream: Stale NFS file handle in [CORE/cake/libs/file.php, line 156]
2009-12-18 16:44:51 Warning: Warning (2): Cannot modify header information - headers already sent by (output started at /hermes/bosweb/web037/b374/ipw.ncaieorg/public_html/members/cake/libs/file.php:156) in [CORE/cake/libs/controller/controller.php, line 640]
2009-12-18 16:44:51 Warning: Warning (2): Cannot modify header information - headers already sent by (output started at /hermes/bosweb/web037/b374/ipw.ncaieorg/public_html/members/cake/basics.php:111) in [CORE/cake/libs/controller/controller.php, line 640]
2010-05-21 01:02:49 Warning: Warning (2): Cannot modify header information - headers already sent by (output started at /hermes/bosweb/web037/b374/ipw.ncaieorg/public_html/members/cake/basics.php:111) in [CORE/cake/libs/controller/controller.php, line 640]
2010-05-21 01:35:25 Warning: Warning (2): Cannot modify header information - headers already sent by (output started at /hermes/bosweb/web037/b374/ipw.ncaieorg/public_html/members/cake/basics.php:111) in [CORE/cake/libs/controller/controller.php, line 640]
